    sock_sendmsg+94
    sock_write_iter+147
    do_iter_readv_writev+335
    do_iter_write+132
    vfs_writev+166
    do_writev+113
    __x64_sys_writev+28
    do_syscall_64+87
    entry_SYSCALL_64_after_hwframe+68
]: 3
@kstack[5044, 5225, wrk:worker_1, 
    ip_rcv+1
    __netif_receive_skb+24
    process_backlog+169
    net_rx_action+322
    __softirqentry_text_start+209
    do_softirq_own_stack+42
    do_softirq.part.0+70
    __local_bh_enable_ip+80
    ip_finish_output2+402
    __ip_finish_output+243
    ip_finish_output+45
    ip_output+117
    ip_local_out+61
    __ip_queue_xmit+365
    ip_queue_xmit+16
    __tcp_transmit_skb+1333
    tcp_write_xmit+966
    __tcp_push_pending_frames+55
    tcp_push+253
    tcp_sendmsg_locked+3183
    tcp_sendmsg+45
    inet_sendmsg+67
    sock_sendmsg+94
    sock_write_iter+147
    do_iter_readv_writev+335
    do_iter_write+132
    vfs_writev+166
    do_writev+113
    __x64_sys_writev+28
    do_syscall_64+87
    entry_SYSCALL_64_after_hwframe+68
]: 3
@kstack[3480, 3627, coredns, 
    ip_rcv+1
    __netif_receive_skb+24
    process_backlog+169
    net_rx_action+322
    __softirqentry_text_start+209
    do_softirq_own_stack+42
    do_softirq.part.0+70
    __local_bh_enable_ip+80
    ip_finish_output2+402
    __ip_finish_output+243
    ip_finish_output+45
    ip_output+117
    ip_local_out+61
    __ip_queue_xmit+365
    ip_queue_xmit+16
    __tcp_transmit_skb+1333
    __tcp_send_ack.part.0+203
    tcp_send_ack+28
    tcp_rcv_synsent_state_process+1880
    tcp_rcv_state_process+241
    tcp_v4_do_rcv+196
    __release_sock+123
    release_sock+48
    inet_stream_connect+71
    __sys_connect+241
    __x64_sys_connect+26
    do_syscall_64+87
    entry_SYSCALL_64_after_hwframe+68
]: 3
@kstack[3526, 3526, grafana-server, 
    ip_rcv+1
    __netif_receive_skb+24
    process_backlog+169
    net_rx_action+322
    __softirqentry_text_start+209
    do_softirq_own_stack+42
    do_softirq.part.0+70
    __local_bh_enable_ip+80
    ip_finish_output2+402
    __ip_finish_output+243
    ip_finish_output+45
    ip_output+117
    ip_local_out+61
    __ip_queue_xmit+365
    ip_queue_xmit+16
    __tcp_transmit_skb+1333
    tcp_write_xmit+966
    __tcp_push_pending_frames+55
    tcp_push+253
    tcp_sendmsg_locked+3183
    tcp_sendmsg+45
    inet6_sendmsg+67
    sock_sendmsg+72
    sock_write_iter+147
    new_sync_write+293
    __vfs_write+41
    vfs_write+185
    ksys_write+103
    __x64_sys_write+26
    do_syscall_64+87
    entry_SYSCALL_64_after_hwframe+68
]: 3
@kstack[3480, 3534, coredns, 
    ip_rcv+1
    __netif_receive_skb+24
    process_backlog+169
    net_rx_action+322
    __softirqentry_text_start+209
    do_softirq_own_stack+42
    do_softirq.part.0+70
    __local_bh_enable_ip+80
    ip_finish_output2+402
    __ip_finish_output+243
    ip_finish_output+45
    ip_output+117
    ip_local_out+61
    ip_send_skb+25
    udp_send_skb.isra.0+353
    udp_sendmsg+2825
    inet_sendmsg+101
    sock_sendmsg+94
    sock_write_iter+147
    new_sync_write+293
    __vfs_write+41
    vfs_write+185
    ksys_write+103
    __x64_sys_write+26
    do_syscall_64+87
    entry_SYSCALL_64_after_hwframe+68
]: 3
@kstack[3480, 3628, coredns, 
    ip_rcv+1
    __netif_receive_skb+24
    process_backlog+169
    net_rx_action+322
    __softirqentry_text_start+209
    do_softirq_own_stack+42
    do_softirq.part.0+70
    __local_bh_enable_ip+80
    ip_finish_output2+402
    __ip_finish_output+243
    ip_finish_output+45
    ip_output+117
    ip_local_out+61
    __ip_queue_xmit+365
    ip_queue_xmit+16
    __tcp_transmit_skb+1333
    tcp_write_xmit+966
    __tcp_push_pending_frames+55
    tcp_push+253
    tcp_sendmsg_locked+3183
    tcp_sendmsg+45
    inet_sendmsg+67
    sock_sendmsg+94
    sock_write_iter+147
    new_sync_write+293
    __vfs_write+41
    vfs_write+185
    ksys_write+103
    __x64_sys_write+26
    do_syscall_64+87
    entry_SYSCALL_64_after_hwframe+68
]: 4
@kstack[607, 1836, kubelet, 
    ip_rcv+1
    __netif_receive_skb+24
    process_backlog+169
    net_rx_action+322
    __softirqentry_text_start+209
    do_softirq_own_stack+42
    do_softirq.part.0+70
    __local_bh_enable_ip+80
    ip_finish_output2+402
    __ip_finish_output+243
    ip_finish_output+45
    ip_output+117
    ip_local_out+61
    __ip_queue_xmit+365
    ip_queue_xmit+16
    __tcp_transmit_skb+1333
    tcp_write_xmit+966
    __tcp_push_pending_frames+55
    tcp_push+253
    tcp_sendmsg_locked+3183
    tcp_sendmsg+45
    inet_sendmsg+67
    sock_sendmsg+94
    sock_write_iter+147
    new_sync_write+293
    __vfs_write+41
    vfs_write+185
    ksys_write+103
    __x64_sys_write+26
    do_syscall_64+87
    entry_SYSCALL_64_after_hwframe+68
]: 4
@kstack[607, 1836, kubelet, 
    ip_rcv+1
    __netif_receive_skb+24
    process_backlog+169
    net_rx_action+322
    __softirqentry_text_start+209
    do_softirq_own_stack+42
    do_softirq.part.0+70
    __local_bh_enable_ip+80
    ip_finish_output2+402
    __ip_finish_output+243
    ip_finish_output+45
    ip_output+117
    ip_local_out+61
    __ip_queue_xmit+365
    ip_queue_xmit+16
    __tcp_transmit_skb+1333
    __tcp_send_ack.part.0+203
    tcp_send_ack+28
    tcp_rcv_synsent_state_process+1880
    tcp_rcv_state_process+241
    tcp_v4_do_rcv+196
    __release_sock+123
    release_sock+48
    inet_stream_connect+71
    __sys_connect+241
    __x64_sys_connect+26
    do_syscall_64+87
    entry_SYSCALL_64_after_hwframe+68
]: 4
@kstack[0, 0, swapper/0, 
    ip_rcv+1
    __netif_receive_skb+24
    process_backlog+169
    net_rx_action+322
    __softirqentry_text_start+209
    irq_exit+174
    do_IRQ+90
    ret_from_intr+0
    native_safe_halt+14
    arch_cpu_idle+21
    default_idle_call+35
    do_idle+507
    cpu_startup_entry+32
    rest_init+174
    arch_call_rest_init+14
    start_kernel+1353
    x86_64_start_reservations+36
    x86_64_start_kernel+117
    secondary_startup_64+164
]: 4
@kstack[3809, 3941, calico-node, 
    ip_rcv+1
    __netif_receive_skb+24
    process_backlog+169
    net_rx_action+322
    __softirqentry_text_start+209
    do_softirq_own_stack+42
    do_softirq.part.0+70
    __local_bh_enable_ip+80
    ip_finish_output2+402
    __ip_finish_output+243
    ip_finish_output+45
    ip_output+117
    ip_local_out+61
    __ip_queue_xmit+365
    ip_queue_xmit+16
    __tcp_transmit_skb+1333
    tcp_write_xmit+966
    __tcp_push_pending_frames+55
    tcp_push+253
    tcp_sendmsg_locked+3183
    tcp_sendmsg+45
    inet_sendmsg+67
    sock_sendmsg+94
    sock_write_iter+147
    new_sync_write+293
    __vfs_write+41
    vfs_write+185
    ksys_write+103
    __x64_sys_write+26
    do_syscall_64+87
    entry_SYSCALL_64_after_hwframe+68
]: 4
@kstack[3480, 3627, coredns, 
    ip_rcv+1
    __netif_receive_skb+24
    process_backlog+169
    net_rx_action+322
    __softirqentry_text_start+209
    do_softirq_own_stack+42
    do_softirq.part.0+70
    __local_bh_enable_ip+80
    ip_finish_output2+402
    __ip_finish_output+243
    ip_finish_output+45
    ip_output+117
    ip_local_out+61
    __ip_queue_xmit+365
    ip_queue_xmit+16
    __tcp_transmit_skb+1333
    tcp_write_xmit+966
    __tcp_push_pending_frames+55
    tcp_send_fin+95
    tcp_close+790
    inet_release+59
    __sock_release+66
    sock_close+21
    __fput+204
    ____fput+14
    task_work_run+143
    exit_to_usermode_loop+305
    do_syscall_64+355
    entry_SYSCALL_64_after_hwframe+68
]: 5
@kstack[607, 1277, kubelet, 
    ip_rcv+1
    __netif_receive_skb+24
    process_backlog+169
    net_rx_action+322
    __softirqentry_text_start+209
    do_softirq_own_stack+42
    do_softirq.part.0+70
    __local_bh_enable_ip+80
    ip_finish_output2+402
    __ip_finish_output+243
    ip_finish_output+45
    ip_output+117
    ip_local_out+61
    __ip_queue_xmit+365
    ip_queue_xmit+16
    __tcp_transmit_skb+1333
    __tcp_send_ack.part.0+203
    tcp_send_ack+28
    tcp_rcv_synsent_state_process+1880
    tcp_rcv_state_process+241
    tcp_v4_do_rcv+196
    __release_sock+123
    release_sock+48
    inet_stream_connect+71
    __sys_connect+241
    __x64_sys_connect+26
    do_syscall_64+87
    entry_SYSCALL_64_after_hwframe+68
]: 5
@kstack[607, 607, kubelet, 
    ip_rcv+1
    __netif_receive_skb+24
    process_backlog+169
    net_rx_action+322
    __softirqentry_text_start+209
    do_softirq_own_stack+42
    do_softirq.part.0+70
    __local_bh_enable_ip+80
    ip_finish_output2+402
    __ip_finish_output+243
    ip_finish_output+45
    ip_output+117
    ip_local_out+61
    __ip_queue_xmit+365
    ip_queue_xmit+16
    __tcp_transmit_skb+1333
    tcp_connect+1134
    tcp_v4_connect+1006
    __inet_stream_connect+202
    inet_stream_connect+59
    __sys_connect+241
    __x64_sys_connect+26
    do_syscall_64+87
    entry_SYSCALL_64_after_hwframe+68
]: 6
@kstack[5044, 5224, wrk:worker_0, 
    ip_rcv+1
    __netif_receive_skb+24
    process_backlog+169
    net_rx_action+322
    __softirqentry_text_start+209
    do_softirq_own_stack+42
    do_softirq.part.0+70
    __local_bh_enable_ip+80
    ip_finish_output2+402
    __ip_finish_output+243
    ip_finish_output+45
    ip_output+117
    ip_local_out+61
    __ip_queue_xmit+365
    ip_queue_xmit+16
    __tcp_transmit_skb+1333
    tcp_write_xmit+966
    __tcp_push_pending_frames+55
    tcp_send_fin+95
    tcp_close+790
    inet_release+59
    __sock_release+66
    sock_close+21
    __fput+204
    ____fput+14
    task_work_run+143
    exit_to_usermode_loop+305
    do_syscall_64+355
    entry_SYSCALL_64_after_hwframe+68
]: 6
@kstack[607, 607, kubelet, 
    ip_rcv+1
    __netif_receive_skb+24
    process_backlog+169
    net_rx_action+322
    __softirqentry_text_start+209
    do_softirq_own_stack+42
    do_softirq.part.0+70
    __local_bh_enable_ip+80
    ip_finish_output2+402
    __ip_finish_output+243
    ip_finish_output+45
    ip_output+117
    ip_local_out+61
    __ip_queue_xmit+365
    ip_queue_xmit+16
    __tcp_transmit_skb+1333
    tcp_write_xmit+966
    __tcp_push_pending_frames+55
    tcp_send_fin+95
    tcp_close+790
    inet_release+59
    __sock_release+66
    sock_close+21
    __fput+204
    ____fput+14
    task_work_run+143
    exit_to_usermode_loop+305
    do_syscall_64+355
    entry_SYSCALL_64_after_hwframe+68
]: 6
@kstack[5204, 5240, wrk:worker_0, 
    ip_rcv+1
    __netif_receive_skb+24
    process_backlog+169
    net_rx_action+322
    __softirqentry_text_start+209
    do_softirq_own_stack+42
    do_softirq.part.0+70
    __local_bh_enable_ip+80
    ip_finish_output2+402
    __ip_finish_output+243
    ip_finish_output+45
    ip_output+117
    ip_local_out+61
    __ip_queue_xmit+365
    ip_queue_xmit+16
    __tcp_transmit_skb+1333
    tcp_write_xmit+966
    __tcp_push_pending_frames+55
    tcp_send_fin+95
    tcp_close+790
    inet_release+59
    __sock_release+66
    sock_close+21
    __fput+204
    ____fput+14
    task_work_run+143
    exit_to_usermode_loop+305
    do_syscall_64+355
    entry_SYSCALL_64_after_hwframe+68
]: 6
@kstack[10, 10, ksoftirqd/0, 
    ip_rcv+1
    __netif_receive_skb+24
    process_backlog+169
    net_rx_action+322
    __softirqentry_text_start+209
    run_ksoftirqd+43
    smpboot_thread_fn+208
    kthread+260
    ret_from_fork+53
]: 6
@kstack[3480, 3627, coredns, 
    ip_rcv+1
    __netif_receive_skb+24
    process_backlog+169
    net_rx_action+322
    __softirqentry_text_start+209
    do_softirq_own_stack+42
    do_softirq.part.0+70
    __local_bh_enable_ip+80
    ip_finish_output2+402
    __ip_finish_output+243
    ip_finish_output+45
    ip_output+117
    ip_local_out+61
    __ip_queue_xmit+365
    ip_queue_xmit+16
    __tcp_transmit_skb+1333
    tcp_write_xmit+966
    __tcp_push_pending_frames+55
    tcp_push+253
    tcp_sendmsg_locked+3183
    tcp_sendmsg+45
    inet6_sendmsg+67
    sock_sendmsg+72
    sock_write_iter+147
    new_sync_write+293
    __vfs_write+41
    vfs_write+185
    ksys_write+103
    __x64_sys_write+26
    do_syscall_64+87
    entry_SYSCALL_64_after_hwframe+68
]: 6
@kstack[3480, 3627, coredns, 
    ip_rcv+1
    __netif_receive_skb+24
    process_backlog+169
    net_rx_action+322
    __softirqentry_text_start+209
    do_softirq_own_stack+42
    do_softirq.part.0+70
    __local_bh_enable_ip+80
    ip_finish_output2+402
    __ip_finish_output+243
    ip_finish_output+45
    ip_output+117
    ip_local_out+61
    __ip_queue_xmit+365
    ip_queue_xmit+16
    __tcp_transmit_skb+1333
    tcp_write_xmit+966
    __tcp_push_pending_frames+55
    tcp_send_fin+95
    tcp_close+790
    inet_release+59
    inet6_release+49
    __sock_release+66
    sock_close+21
    __fput+204
    ____fput+14
    task_work_run+143
    exit_to_usermode_loop+305
    do_syscall_64+355
    entry_SYSCALL_64_after_hwframe+68
]: 6
@kstack[5140, 5223, pilot-agent, 
    ip_rcv+1
    __netif_receive_skb+24
    process_backlog+169
    net_rx_action+322
    __softirqentry_text_start+209
    do_softirq_own_stack+42
    do_softirq.part.0+70
    __local_bh_enable_ip+80
    ip_finish_output2+402
    __ip_finish_output+243
    ip_finish_output+45
    ip_output+117
    ip_local_out+61
    __ip_queue_xmit+365
    ip_queue_xmit+16
    __tcp_transmit_skb+1333
    tcp_write_xmit+966
    __tcp_push_pending_frames+55
    tcp_push+253
    tcp_sendmsg_locked+3183
    tcp_sendmsg+45
    inet6_sendmsg+67
    sock_sendmsg+72
    sock_write_iter+147
    new_sync_write+293
    __vfs_write+41
    vfs_write+185
    ksys_write+103
    __x64_sys_write+26
    do_syscall_64+87
    entry_SYSCALL_64_after_hwframe+68
]: 8
@kstack[3480, 3627, coredns, 
    ip_rcv+1
    __netif_receive_skb+24
    process_backlog+169
    net_rx_action+322
    __softirqentry_text_start+209
    do_softirq_own_stack+42
    do_softirq.part.0+70
    __local_bh_enable_ip+80
    ip_finish_output2+402
    __ip_finish_output+243
    ip_finish_output+45
    ip_output+117
    ip_local_out+61
    __ip_queue_xmit+365
    ip_queue_xmit+16
    __tcp_transmit_skb+1333
    tcp_write_xmit+966
    __tcp_push_pending_frames+55
    tcp_push+253
    tcp_sendmsg_locked+3183
    tcp_sendmsg+45
    inet_sendmsg+67
    sock_sendmsg+94
    sock_write_iter+147
    new_sync_write+293
    __vfs_write+41
    vfs_write+185
    ksys_write+103
    __x64_sys_write+26
    do_syscall_64+87
    entry_SYSCALL_64_after_hwframe+68
]: 8
@kstack[607, 1836, kubelet, 
    ip_rcv+1
    __netif_receive_skb+24
    process_backlog+169
    net_rx_action+322
    __softirqentry_text_start+209
    do_softirq_own_stack+42
    do_softirq.part.0+70
    __local_bh_enable_ip+80
    ip_finish_output2+402
    __ip_finish_output+243
    ip_finish_output+45
    ip_output+117
    ip_local_out+61
    __ip_queue_xmit+365
    ip_queue_xmit+16
    __tcp_transmit_skb+1333
    tcp_connect+1134
    tcp_v4_connect+1006
    __inet_stream_connect+202
    inet_stream_connect+59
    __sys_connect+241
    __x64_sys_connect+26
    do_syscall_64+87
    entry_SYSCALL_64_after_hwframe+68
]: 8
@kstack[4970, 5232, pilot-agent, 
    ip_rcv+1
    __netif_receive_skb+24
    process_backlog+169
    net_rx_action+322
    __softirqentry_text_start+209
    do_softirq_own_stack+42
    do_softirq.part.0+70
    __local_bh_enable_ip+80
    ip_finish_output2+402
    __ip_finish_output+243
    ip_finish_output+45
    ip_output+117
    ip_local_out+61
    __ip_queue_xmit+365
    ip_queue_xmit+16
    __tcp_transmit_skb+1333
    tcp_write_xmit+966
    __tcp_push_pending_frames+55
    tcp_push+253
    tcp_sendmsg_locked+3183
    tcp_sendmsg+45
    inet6_sendmsg+67
    sock_sendmsg+72
    sock_write_iter+147
    new_sync_write+293
    __vfs_write+41
    vfs_write+185
    ksys_write+103
    __x64_sys_write+26
    do_syscall_64+87
    entry_SYSCALL_64_after_hwframe+68
]: 8
@kstack[5044, 5224, wrk:worker_0, 
    ip_rcv+1
    __netif_receive_skb+24
    process_backlog+169
    net_rx_action+322
    __softirqentry_text_start+209
    do_softirq_own_stack+42
    do_softirq.part.0+70
    __local_bh_enable_ip+80
    ip_finish_output2+402
    __ip_finish_output+243
    ip_finish_output+45
    ip_output+117
    ip_local_out+61
    __ip_queue_xmit+365
    ip_queue_xmit+16
    __tcp_transmit_skb+1333
    tcp_write_xmit+966
    __tcp_push_pending_frames+55
    tcp_push+253
    tcp_sendmsg_locked+3183
    tcp_sendmsg+45
    inet_sendmsg+67
    sock_sendmsg+94
    sock_write_iter+147
    do_iter_readv_writev+335
    do_iter_write+132
    vfs_writev+166
    do_writev+113
    __x64_sys_writev+28
    do_syscall_64+87
    entry_SYSCALL_64_after_hwframe+68
]: 9
@kstack[5204, 5240, wrk:worker_0, 
    ip_rcv+1
    __netif_receive_skb+24
    process_backlog+169
    net_rx_action+322
    __softirqentry_text_start+209
    do_softirq_own_stack+42
    do_softirq.part.0+70
    __local_bh_enable_ip+80
    ip_finish_output2+402
    __ip_finish_output+243
    ip_finish_output+45
    ip_output+117
    ip_local_out+61
    __ip_queue_xmit+365
    ip_queue_xmit+16
    __tcp_transmit_skb+1333
    tcp_write_xmit+966
    __tcp_push_pending_frames+55
    tcp_push+253
    tcp_sendmsg_locked+3183
    tcp_sendmsg+45
    inet_sendmsg+67
    sock_sendmsg+94
    sock_write_iter+147
    do_iter_readv_writev+335
    do_iter_write+132
    vfs_writev+166
    do_writev+113
    __x64_sys_writev+28
    do_syscall_64+87
    entry_SYSCALL_64_after_hwframe+68
]: 9
@kstack[607, 1277, kubelet, 
    ip_rcv+1
    __netif_receive_skb+24
    process_backlog+169
    net_rx_action+322
    __softirqentry_text_start+209
    do_softirq_own_stack+42
    do_softirq.part.0+70
    __local_bh_enable_ip+80
    ip_finish_output2+402
    __ip_finish_output+243
    ip_finish_output+45
    ip_output+117
    ip_local_out+61
    __ip_queue_xmit+365
    ip_queue_xmit+16
    __tcp_transmit_skb+1333
    tcp_write_xmit+966
    __tcp_push_pending_frames+55
    tcp_send_fin+95
    tcp_close+790
    inet_release+59
    __sock_release+66
    sock_close+21
    __fput+204
    ____fput+14
    task_work_run+143
    exit_to_usermode_loop+305
    do_syscall_64+355
    entry_SYSCALL_64_after_hwframe+68
]: 9
@kstack[3480, 3628, coredns, 
    ip_rcv+1
    __netif_receive_skb+24
    process_backlog+169
    net_rx_action+322
    __softirqentry_text_start+209
    do_softirq_own_stack+42
    do_softirq.part.0+70
    __local_bh_enable_ip+80
    ip_finish_output2+402
    __ip_finish_output+243
    ip_finish_output+45
    ip_output+117
    ip_local_out+61
    __ip_queue_xmit+365
    ip_queue_xmit+16
    __tcp_transmit_skb+1333
    tcp_write_xmit+966
    __tcp_push_pending_frames+55
    tcp_push+253
    tcp_sendmsg_locked+3183
    tcp_sendmsg+45
    inet6_sendmsg+67
    sock_sendmsg+72
    sock_write_iter+147
    new_sync_write+293
    __vfs_write+41
    vfs_write+185
    ksys_write+103
    __x64_sys_write+26
    do_syscall_64+87
    entry_SYSCALL_64_after_hwframe+68
]: 10
@kstack[3480, 3628, coredns, 
    ip_rcv+1
    __netif_receive_skb+24
    process_backlog+169
    net_rx_action+322
    __softirqentry_text_start+209
    do_softirq_own_stack+42
    do_softirq.part.0+70
    __local_bh_enable_ip+80
    ip_finish_output2+402
    __ip_finish_output+243
    ip_finish_output+45
    ip_output+117
    ip_local_out+61
    __ip_queue_xmit+365
    ip_queue_xmit+16
    __tcp_transmit_skb+1333
    tcp_write_xmit+966
    __tcp_push_pending_frames+55
    tcp_send_fin+95
    tcp_close+790
    inet_release+59
    inet6_release+49
    __sock_release+66
    sock_close+21
    __fput+204
    ____fput+14
    task_work_run+143
    exit_to_usermode_loop+305
    do_syscall_64+355
    entry_SYSCALL_64_after_hwframe+68
]: 10
@kstack[607, 607, kubelet, 
    ip_rcv+1
    __netif_receive_skb+24
    process_backlog+169
    net_rx_action+322
    __softirqentry_text_start+209
    do_softirq_own_stack+42
    do_softirq.part.0+70
    __local_bh_enable_ip+80
    ip_finish_output2+402
    __ip_finish_output+243
    ip_finish_output+45
    ip_output+117
    ip_local_out+61
    __ip_queue_xmit+365
    ip_queue_xmit+16
    __tcp_transmit_skb+1333
    tcp_write_xmit+966
    __tcp_push_pending_frames+55
    tcp_push+253
    tcp_sendmsg_locked+3183
    tcp_sendmsg+45
    inet_sendmsg+67
    sock_sendmsg+94
    sock_write_iter+147
    new_sync_write+293
    __vfs_write+41
    vfs_write+185
    ksys_write+103
    __x64_sys_write+26
    do_syscall_64+87
    entry_SYSCALL_64_after_hwframe+68
]: 10
@kstack[607, 1277, kubelet, 
    ip_rcv+1
    __netif_receive_skb+24
    process_backlog+169
    net_rx_action+322
    __softirqentry_text_start+209
    do_softirq_own_stack+42
    do_softirq.part.0+70
    __local_bh_enable_ip+80
    ip_finish_output2+402
    __ip_finish_output+243
    ip_finish_output+45
    ip_output+117
    ip_local_out+61
    __ip_queue_xmit+365
    ip_queue_xmit+16
    __tcp_transmit_skb+1333
    tcp_connect+1134
    tcp_v4_connect+1006
    __inet_stream_connect+202
    inet_stream_connect+59
    __sys_connect+241
    __x64_sys_connect+26
    do_syscall_64+87
    entry_SYSCALL_64_after_hwframe+68
]: 10
@kstack[607, 1277, kubelet, 
    ip_rcv+1
    __netif_receive_skb+24
    process_backlog+169
    net_rx_action+322
    __softirqentry_text_start+209
    do_softirq_own_stack+42
    do_softirq.part.0+70
    __local_bh_enable_ip+80
    ip_finish_output2+402
    __ip_finish_output+243
    ip_finish_output+45
    ip_output+117
    ip_local_out+61
    __ip_queue_xmit+365
    ip_queue_xmit+16
    __tcp_transmit_skb+1333
    tcp_write_xmit+966
    __tcp_push_pending_frames+55
    tcp_push+253
    tcp_sendmsg_locked+3183
    tcp_sendmsg+45
    inet_sendmsg+67
    sock_sendmsg+94
    sock_write_iter+147
    new_sync_write+293
    __vfs_write+41
    vfs_write+185
    ksys_write+103
    __x64_sys_write+26
    do_syscall_64+87
    entry_SYSCALL_64_after_hwframe+68
]: 10
@kstack[3480, 3627, coredns, 
    ip_rcv+1
    __netif_receive_skb+24
    process_backlog+169
    net_rx_action+322
    __softirqentry_text_start+209
    do_softirq_own_stack+42
    do_softirq.part.0+70
    __local_bh_enable_ip+80
    ip_finish_output2+402
    __ip_finish_output+243
    ip_finish_output+45
    ip_output+117
    ip_local_out+61
    __ip_queue_xmit+365
    ip_queue_xmit+16
    __tcp_transmit_skb+1333
    tcp_connect+1134
    tcp_v4_connect+1006
    __inet_stream_connect+202
    inet_stream_connect+59
    __sys_connect+241
    __x64_sys_connect+26
    do_syscall_64+87
    entry_SYSCALL_64_after_hwframe+68
]: 10
@kstack[1580, 1580, node, 
    ip_rcv+1
    __netif_receive_skb+24
    process_backlog+169
    net_rx_action+322
    __softirqentry_text_start+209
    do_softirq_own_stack+42
    do_softirq.part.0+70
    __local_bh_enable_ip+80
    ip_finish_output2+402
    __ip_finish_output+243
    ip_finish_output+45
    ip_output+117
    ip_local_out+61
    __ip_queue_xmit+365
    ip_queue_xmit+16
    __tcp_transmit_skb+1333
    tcp_write_xmit+966
    __tcp_push_pending_frames+55
    tcp_push+253
    tcp_sendmsg_locked+3183
    tcp_sendmsg+45
    inet_sendmsg+67
    sock_sendmsg+94
    sock_write_iter+147
    new_sync_write+293
    __vfs_write+41
    vfs_write+185
    ksys_write+103
    __x64_sys_write+26
    do_syscall_64+87
    entry_SYSCALL_64_after_hwframe+68
]: 16
@kstack[1521, 1521, sshd, 
    ip_rcv+1
    __netif_receive_skb+24
    process_backlog+169
    net_rx_action+322
    __softirqentry_text_start+209
    do_softirq_own_stack+42
    do_softirq.part.0+70
    __local_bh_enable_ip+80
    ip_finish_output2+402
    __ip_finish_output+243
    ip_finish_output+45
    ip_local_out+61
    __ip_queue_xmit+365
    ip_queue_xmit+16
    __tcp_transmit_skb+1333
    tcp_write_xmit+966
    __tcp_push_pending_frames+55
    tcp_push+253
    tcp_sendmsg_locked+3183
    tcp_sendmsg+45
    inet_sendmsg+67
    sock_sendmsg+94
    sock_write_iter+147
    new_sync_write+293
    __vfs_write+41
    vfs_write+185
    ksys_write+103
    __x64_sys_write+26
    do_syscall_64+87
    entry_SYSCALL_64_after_hwframe+68
]: 16
