accept(), port=15021
accept(), port=15021
accept(), port=15006
OS handshaked TCP:
09:18:12 4283   wrk:worker_1   172.21.206.219                          47744 172.21.206.214                          15006 0/4096
sys_exit_accept4 fd=42

        accept4+96
        Envoy::Network::IoSocketHandleImpl::accept(sockaddr*, unsigned int*)+82
        Envoy::Network::TcpListenerImpl::onSocketEvent(short)+216
        std::__1::__function::__func<Envoy::Event::DispatcherImpl::createFileEvent(int, std::__1::function<void (unsigned int)>, Envoy::Event::FileTriggerType, unsigned int)::$_5, std::__1::allocator<Envoy::Event::DispatcherImpl::createFileEvent(int, std::__1::function<void (unsigned int)>, Envoy::Event::FileTriggerType, unsigned int)::$_5>, void (unsigned int)>::operator()(unsigned int&&)+65
        Envoy::Event::FileEventImpl::assignEvents(unsigned int, event_base*)::$_1::__invoke(int, short, void*)+92
        0x7fffffffe000
        event_base_loop+1953
        Envoy::Server::WorkerImpl::threadRoutine(Envoy::Server::GuardDog&, std::__1::function<void ()> const&)+621
        Envoy::Thread::ThreadImplPosix::ThreadImplPosix(std::__1::function<void ()>, absl::optional<Envoy::Thread::Options> const&)::{lambda(void*)#1}::__invoke(void*)+19
        start_thread+217
 
***** elapsed=859375828: tid=4569,comm=wrk:worker_1: sys_enter_epoll_ctl, epfd=14, op=1, fd=42, epoll_event*=0x7faddb5a1c60
comm:wrk:worker_1    : setsockopt: level=6, fd=42, optname=1, optval=1, optlen=4. 

******* WAKE-ROUND:END Summary *******
***** elapsed=859453982: tid=4569,comm=wrk:worker_1: sys_enter_epoll_wait, runableDuaration=4307421, tid2epollNrFdReady=1
*** last_epoll_wait_args: epfd=14, events=2052060032, maxevents=32, timeout=100 
***************************


***** elapsed=859478134: tid=4569,comm=wrk:worker_1: BEGIN:EventFired:FileEventImpl::assignEvents()::Lambda1()
FileEventImpl*=0x56367aec6a80, fd=42, events=0x26


***** elapsed=860986493: tid=4569,comm=wrk:worker_1: END:EventFired

******* WAKE-ROUND:END Summary *******
***** elapsed=861002900: tid=4569,comm=wrk:worker_1: sys_enter_epoll_wait, runableDuaration=1525476, tid2epollNrFdReady=1
*** last_epoll_wait_args: epfd=14, events=2052060032, maxevents=32, timeout=96 
***************************


***** elapsed=914267171: tid=4569,comm=wrk:worker_1: BEGIN:EventFired:FileEventImpl::assignEvents()::Lambda1()
FileEventImpl*=0x56367aec6a80, fd=42, events=0x26


***** elapsed=915011356: tid=4569,comm=wrk:worker_1: END:EventFired

******* WAKE-ROUND:END Summary *******
***** elapsed=915041061: tid=4569,comm=wrk:worker_1: sys_enter_epoll_wait, runableDuaration=786388, tid2epollNrFdReady=1
*** last_epoll_wait_args: epfd=14, events=2052060032, maxevents=32, timeout=92 
***************************


***** elapsed=915468638: tid=4569,comm=wrk:worker_1: BEGIN:EventFired:FileEventImpl::assignEvents()::Lambda1()
FileEventImpl*=0x56367aec6a80, fd=42, events=0x26

***** elapsed=915703573: tid=4569,comm=wrk:worker_1: sys_enter_epoll_ctl, epfd=14, op=2, fd=42, epoll_event*=0x7faddb5a19e0
***** elapsed=915714225: tid=4569,comm=wrk:worker_1: sys_enter_epoll_ctl, epfd=14, op=1, fd=42, epoll_event*=0x7faddb5a19d0

***** elapsed=920483988: tid=4569,comm=wrk:worker_1: END:EventFired

******* WAKE-ROUND:END Summary *******
***** elapsed=920548999: tid=4569,comm=wrk:worker_1: sys_enter_epoll_wait, runableDuaration=5082884, tid2epollNrFdReady=1
*** last_epoll_wait_args: epfd=14, events=2052060032, maxevents=32, timeout=36 
***************************


***** elapsed=920576956: tid=4569,comm=wrk:worker_1: BEGIN:EventFired:FileEventImpl::assignEvents()::Lambda1()
FileEventImpl*=0x56367aec6a80, fd=42, events=0x24


***** elapsed=920744473: tid=4569,comm=wrk:worker_1: END:EventFired

******* WAKE-ROUND:END Summary *******
***** elapsed=920882775: tid=4569,comm=wrk:worker_1: sys_enter_epoll_wait, runableDuaration=308861, tid2epollNrFdReady=3
*** last_epoll_wait_args: epfd=14, events=2052060032, maxevents=32, timeout=36 
***************************

***** elapsed=927010615: tid=4569,comm=wrk:worker_1: sys_enter_epoll_ctl, epfd=14, op=2, fd=42, epoll_event*=0x7faddb5a14b0
***** elapsed=927028466: tid=4569,comm=wrk:worker_1: sys_enter_epoll_ctl, epfd=14, op=1, fd=42, epoll_event*=0x7faddb5a14a0

***** elapsed=927316367: tid=4569,comm=wrk:worker_1: BEGIN:EventFired:FileEventImpl::assignEvents()::Lambda1()
FileEventImpl*=0x56367aec6a80, fd=42, events=0x24


***** elapsed=927714192: tid=4569,comm=wrk:worker_1: END:EventFired

******* WAKE-ROUND:END Summary *******
***** elapsed=927732342: tid=4569,comm=wrk:worker_1: sys_enter_epoll_wait, runableDuaration=417412, tid2epollNrFdReady=1
*** last_epoll_wait_args: epfd=14, events=2052060032, maxevents=32, timeout=24 
***************************

