OS handshaked TCP:
11:13:55 4283   wrk:worker_0   172.21.206.219                          43926 172.21.206.214                          15006 0/4096
sys_exit_accept4 fd=42

        accept4+96
        Envoy::Network::IoSocketHandleImpl::accept(sockaddr*, unsigned int*)+82
        Envoy::Network::TcpListenerImpl::onSocketEvent(short)+216
        std::__1::__function::__func<Envoy::Event::DispatcherImpl::createFileEvent(int, std::__1::function<void (unsigned int)>, Envoy::Event::FileTriggerType, unsigned int)::$_5, std::__1::allocator<Envoy::Event::DispatcherImpl::createFileEvent(int, std::__1::function<void (unsigned int)>, Envoy::Event::FileTriggerType, unsigned int)::$_5>, void (unsigned int)>::operator()(unsigned int&&)+65
        Envoy::Event::FileEventImpl::assignEvents(unsigned int, event_base*)::$_1::__invoke(int, short, void*)+92
        0x7fffffffe000
        event_base_loop+1953
        Envoy::Server::WorkerImpl::threadRoutine(Envoy::Server::GuardDog&, std::__1::function<void ()> const&)+621
        Envoy::Thread::ThreadImplPosix::ThreadImplPosix(std::__1::function<void ()>, absl::optional<Envoy::Thread::Options> const&)::{lambda(void*)#1}::__invoke(void*)+19
        start_thread+217
 

***** elapsed=-1017877702: tid=4568,comm=wrk:worker_0: TlsInspector*, probe=uprobe:/proc/4283/root/usr/local/bin/envoy:_ZNSt3__110__function6__funcIZN5Envoy10Extensions15ListenerFilters12TlsInspector25TlsInspectorConfigFactory36createListenerFilterFactoryFromProtoERKN6google8protobuf7MessageERKNS_10shared_ptrINS2_7Network21ListenerFilterMatcherEEERNS2_6Server13Configuration22ListenerFactoryContextEEUlRNSD_21ListenerFilterManagerEE_NS_9allocatorISO_EEFvSN_EEclESN_

***** elapsed=-1017871461: tid=4568,comm=wrk:worker_0: TlsInspector*, probe=uprobe:/proc/4283/root/usr/local/bin/envoy:_ZNSt3__128__invoke_void_return_wrapperIvE6__callIJRZN5Envoy10Extensions15ListenerFilters12TlsInspector25TlsInspectorConfigFactory36createListenerFilterFactoryFromProtoERKN6google8protobuf7MessageERKNS_10shared_ptrINS3_7Network21ListenerFilterMatcherEEERNS3_6Server13Configuration22ListenerFactoryContextEEUlRNSE_21ListenerFilterManagerEE_SO_EEEvDpOT_

***** elapsed=-1017866364: tid=4568,comm=wrk:worker_0: TlsInspector*, probe=uprobe:/proc/4283/root/usr/local/bin/envoy:_ZN5Envoy10Extensions15ListenerFilters12TlsInspector6FilterC1ENSt3__110shared_ptrINS2_6ConfigEEE

***** elapsed=-1017862568: tid=4568,comm=wrk:worker_0: TlsInspector*, probe=uprobe:/proc/4283/root/usr/local/bin/envoy:_ZN5Envoy10Extensions15ListenerFilters12TlsInspector6FilterC2ENSt3__110shared_ptrINS2_6ConfigEEE

***** elapsed=-1017822616: tid=4568,comm=wrk:worker_0: TlsInspector*, probe=uprobe:/proc/4283/root/usr/local/bin/envoy:_ZN5Envoy10Extensions15ListenerFilters12TlsInspector6Filter8onAcceptERNS_7Network23ListenerFilterCallbacksE

***** elapsed=-1017814524: tid=4568,comm=wrk:worker_0: TlsInspector*, probe=uprobe:/proc/4283/root/usr/local/bin/envoy:_ZN5Envoy10Extensions15ListenerFilters12TlsInspector6Filter6onReadEv

***** elapsed=-1013081879: tid=4568,comm=wrk:worker_0: TlsInspector*, probe=uprobe:/proc/4283/root/usr/local/bin/envoy:_ZN5Envoy10Extensions15ListenerFilters12TlsInspector6Filter16parseClientHelloEPKvm

***** elapsed=-1013049950: tid=4568,comm=wrk:worker_0: TlsInspector*, probe=uprobe:/proc/4283/root/usr/local/bin/envoy:_ZZN5Envoy10Extensions15ListenerFilters12TlsInspector6ConfigC1ERNS_5Stats5ScopeEjEN3$_08__invokeEPK22ssl_early_callback_ctx

***** elapsed=-1013042582: tid=4568,comm=wrk:worker_0: TlsInspector*, probe=uprobe:/proc/4283/root/usr/local/bin/envoy:_ZN5Envoy10Extensions15ListenerFilters12TlsInspector6Filter6onALPNEPKhj

***** elapsed=-1013030000: tid=4568,comm=wrk:worker_0: ConnectionSocketImpl::setRequestedApplicationProtocols

***** elapsed=-1013025015: tid=4568,comm=wrk:worker_0: ConnectionSocketImpl::setRequestedApplicationProtocols

***** elapsed=-1013015991: tid=4568,comm=wrk:worker_0: TlsInspector*, probe=uprobe:/proc/4283/root/usr/local/bin/envoy:_ZZN5Envoy10Extensions15ListenerFilters12TlsInspector6ConfigC1ERNS_5Stats5ScopeEjEN3$_18__invokeEP6ssl_stPiPv

***** elapsed=-1013010367: tid=4568,comm=wrk:worker_0: TlsInspector*, probe=uprobe:/proc/4283/root/usr/local/bin/envoy:_ZN5Envoy10Extensions15ListenerFilters12TlsInspector6Filter12onServernameEN4absl11string_viewE

***** elapsed=-1012987744: tid=4568,comm=wrk:worker_0: TlsInspector*, probe=uprobe:/proc/4283/root/usr/local/bin/envoy:_ZN5Envoy10Extensions15ListenerFilters12TlsInspector6FilterD0Ev
comm:wrk:worker_0,tid:4568: Got setFilterChainName=0.0.0.0_8080, lenght=12

        Envoy::StreamInfo::StreamInfoImpl::setFilterChainName(absl::string_view)+0
        Envoy::Server::ActiveTcpSocket::newConnection()+377
        Envoy::Server::ActiveTcpSocket::continueFilterChain(bool)+107

***** elapsed=-1012929361: tid=4568,comm=wrk:worker_0: sys_enter_epoll_ctl, epfd=10, op=1, fd=42, epoll_event*=0x7faddbda2c60

        epoll_ctl+14
        epoll_nochangelist_add+54
        evmap_io_add_+421
        event_add_nolock_+603
        event_add+54
        Envoy::Event::FileEventImpl::FileEventImpl(Envoy::Event::DispatcherImpl&, int, std::__1::function<void (unsigned int)>, Envoy::Event::FileTriggerType, unsigned int)+362
        Envoy::Event::DispatcherImpl::createFileEvent(int, std::__1::function<void (unsigned int)>, Envoy::Event::FileTriggerType, unsigned int)+284
        Envoy::Network::IoSocketHandleImpl::initializeFileEvent(Envoy::Event::Dispatcher&, std::__1::function<void (unsigned int)>, Envoy::Event::FileTriggerType, unsigned int)+126
        Envoy::Network::ConnectionImpl::ConnectionImpl(Envoy::Event::Dispatcher&, std::__1::unique_ptr<Envoy::Network::ConnectionSocket, std::__1::default_delete<Envoy::Network::ConnectionSocket> >&&, std::__1::unique_ptr<Envoy::Network::TransportSocket, std::__1::default_delete<Envoy::Network::TransportSocket> >&&, Envoy::StreamInfo::StreamInfo&, bool)+1026
        Envoy::Network::ServerConnectionImpl::ServerConnectionImpl(Envoy::Event::Dispatcher&, std::__1::unique_ptr<Envoy::Network::ConnectionSocket, std::__1::default_delete<Envoy::Network::ConnectionSocket> >&&, std::__1::unique_ptr<Envoy::Network::TransportSocket, std::__1::default_delete<Envoy::Network::TransportSocket> >&&, Envoy::StreamInfo::StreamInfo&, bool)+107
        Envoy::Event::DispatcherImpl::createServerConnection(std::__1::unique_ptr<Envoy::Network::ConnectionSocket, std::__1::default_delete<Envoy::Network::ConnectionSocket> >&&, std::__1::unique_ptr<Envoy::Network::TransportSocket, std::__1::default_delete<Envoy::Network::TransportSocket> >&&, Envoy::StreamInfo::StreamInfo&)+70
        Envoy::Server::ActiveTcpListener::newConnection(std::__1::unique_ptr<Envoy::Network::ConnectionSocket, std::__1::default_delete<Envoy::Network::ConnectionSocket> >&&, std::__1::unique_ptr<Envoy::StreamInfo::StreamInfo, std::__1::default_delete<Envoy::StreamInfo::StreamInfo> >)+307

comm:wrk:worker_0    : setsockopt: level=6, fd=42, optname=1, optval=1, optlen=4. 

***** elapsed=-1012820877: tid=4568,comm=wrk:worker_0: END:EventFired

******* WAKE-ROUND:END Summary *******
***** elapsed=-1012807848: tid=4568,comm=wrk:worker_0: sys_enter_epoll_wait, runableDuaration=5158482, tid2epollNrFdReady=1
*** last_epoll_wait_args: epfd=10, events=2052059648, maxevents=32, timeout=100 
***************************


***** elapsed=-1012792293: tid=4568,comm=wrk:worker_0: BEGIN:EventFired:FileEventImpl::assignEvents()::Lambda1()
FileEventImpl*=0x56367a951500, fd=42, events=0x26


***** elapsed=-1011476865: tid=4568,comm=wrk:worker_0: END:EventFired

******* WAKE-ROUND:END Summary *******
***** elapsed=-1011446745: tid=4568,comm=wrk:worker_0: sys_enter_epoll_wait, runableDuaration=1346699, tid2epollNrFdReady=1
*** last_epoll_wait_args: epfd=10, events=2052059648, maxevents=32, timeout=16 
***************************


***** elapsed=-976027033: tid=4568,comm=wrk:worker_0: BEGIN:EventFired:FileEventImpl::assignEvents()::Lambda1()
FileEventImpl*=0x56367a951500, fd=42, events=0x26

***** elapsed=-974127057: tid=4568,comm=wrk:worker_0: sys_enter_epoll_ctl, epfd=10, op=2, fd=42, epoll_event*=0x7faddbda29e0
***** elapsed=-974087535: tid=4568,comm=wrk:worker_0: sys_enter_epoll_ctl, epfd=10, op=1, fd=42, epoll_event*=0x7faddbda29d0

        epoll_ctl+14
        epoll_nochangelist_add+54
        evmap_io_add_+421
        event_add_nolock_+603
        event_add+54
        Envoy::Network::ConnectionImpl::readDisable(bool)+1077
        Envoy::Http::Http1::ServerConnectionImpl::onMessageCompleteBase()+86
        Envoy::Http::Http1::ConnectionImpl::onMessageComplete()+637
        Envoy::Http::Http1::LegacyHttpParserImpl::Impl::Impl(http_parser_type, void*)::{lambda(http_parser*)#3}::__invoke(http_parser*)+31
        http_parser_execute+7959
        Envoy::Http::Http1::LegacyHttpParserImpl::execute(char const*, int)+31
        Envoy::Http::Http1::ConnectionImpl::dispatchSlice(char const*, unsigned long)+52


***** elapsed=-973377160: tid=4568,comm=wrk:worker_0: END:EventFired

******* WAKE-ROUND:END Summary *******
***** elapsed=-973322877: tid=4568,comm=wrk:worker_0: sys_enter_epoll_wait, runableDuaration=2738098, tid2epollNrFdReady=1
*** last_epoll_wait_args: epfd=10, events=2052059648, maxevents=32, timeout=100 
***************************


***** elapsed=-973302083: tid=4568,comm=wrk:worker_0: BEGIN:EventFired:FileEventImpl::assignEvents()::Lambda1()
FileEventImpl*=0x56367a951500, fd=42, events=0x24


***** elapsed=-973210034: tid=4568,comm=wrk:worker_0: END:EventFired

******* WAKE-ROUND:END Summary *******
***** elapsed=-970967200: tid=4568,comm=wrk:worker_0: sys_enter_epoll_wait, runableDuaration=2329760, tid2epollNrFdReady=3
*** last_epoll_wait_args: epfd=10, events=2052059648, maxevents=32, timeout=88 
***************************

***** elapsed=-970216003: tid=4568,comm=wrk:worker_0: sys_enter_epoll_ctl, epfd=10, op=2, fd=42, epoll_event*=0x7faddbda24b0
***** elapsed=-970198884: tid=4568,comm=wrk:worker_0: sys_enter_epoll_ctl, epfd=10, op=1, fd=42, epoll_event*=0x7faddbda24a0

        epoll_ctl+14
        epoll_nochangelist_add+54
        evmap_io_add_+421
        event_add_nolock_+603
        event_add+54
        Envoy::Network::ConnectionImpl::readDisable(bool)+938
        Envoy::Http::Http1::StreamEncoderImpl::~StreamEncoderImpl()+112
        non-virtual thunk to Envoy::Http::Http1::ServerConnectionImpl::onEncodeComplete()+54
        Envoy::Http::Http1::StreamEncoderImpl::endEncode()+166
        Envoy::Http::Http1::StreamEncoderImpl::encodeData(Envoy::Buffer::Instance&, bool)+340
        Envoy::Http::ConnectionManagerImpl::ActiveStream::encodeData(Envoy::Buffer::Instance&, bool)+679
        Envoy::Http::FilterManager::encodeData(Envoy::Http::ActiveStreamEncoderFilter*, Envoy::Buffer::Instance&, bool, Envoy::Http::FilterManager::FilterIterationStartState)+2138


***** elapsed=-969958893: tid=4568,comm=wrk:worker_0: BEGIN:EventFired:FileEventImpl::assignEvents()::Lambda1()
FileEventImpl*=0x56367a951500, fd=42, events=0x24


***** elapsed=-969845835: tid=4568,comm=wrk:worker_0: END:EventFired

******* WAKE-ROUND:END Summary *******
***** elapsed=-969831672: tid=4568,comm=wrk:worker_0: sys_enter_epoll_wait, runableDuaration=126155, tid2epollNrFdReady=1
*** last_epoll_wait_args: epfd=10, events=2052059648, maxevents=32, timeout=84 
***************************