➜  bpftrace git:(main) ✗ docker run -it --rm --init  --privileged --name bpftrace -h bpftrace \
    --pid host \
    --net host \
    -e SCRIPT_HOME=$SCRIPT_HOME \
    -v /etc/localtime:/etc/localtime:ro \
    -v /sys:/sys:rw \
    -v /usr/src:/usr/src:rw \
    -v /lib/modules:/lib/modules:ro \
    -v ${SCRIPT_HOME}:${SCRIPT_HOME}:rw \
    $bpftrace_image \
    bpftrace  ${SCRIPT_HOME}/trace-envoy-socket-listen.bt
/home/labile/pub-diy/low-tec/trace/trace-istio/trace-istio-part2/bpftrace/trace-envoy-socket-listen.bt:53:31-33: WARNING: Addrspace mismatch
       if( str(args->argv[0]) == "/usr/local/bin/envoy" ) {
                              ~~
Attaching 8 probes...
watched envoy pid: 2062496

########## bind() ##########

########## setsockopt() ##########
comm:envoy           : setsockopt: level=1, fd=18, optname=2, optval=1, optlen=4. 

########## bind() ##########
comm:envoy           : bind AF_INET: ip:127.0.0.1        port:15000 fd=18 
stack: 
        bind+11
        Envoy::Network::IoSocketHandleImpl::bind(std::__1::shared_ptr<Envoy::Network::Address::Instance const>)+101
        Envoy::Network::SocketImpl::bind(std::__1::shared_ptr<Envoy::Network::Address::Instance const>)+383
        Envoy::Network::ListenSocketImpl::bind(std::__1::shared_ptr<Envoy::Network::Address::Instance const>)+77
        Envoy::Network::ListenSocketImpl::setupSocket(std::__1::shared_ptr<std::__1::vector<std::__1::shared_ptr<Envoy::Network::Socket::Option const>, std::__1::allocator<std::__1::shared_ptr<Envoy::Network::Socket::Option const> > > > const&, bool)+76
        Envoy::Network::NetworkListenSocket<Envoy::Network::NetworkSocketTrait<(Envoy::Network::Socket::Type)0> >::NetworkListenSocket(std::__1::shared_ptr<Envoy::Network::Address::Instance const> const&, std::__1::shared_ptr<std::__1::vector<std::__1::shared_ptr<Envoy::Network::Socket::Option const>, std::__1::allocator<std::__1::shared_ptr<Envoy::Network::Socket::Option const> > > > const&, bool)+486
        Envoy::Server::AdminImpl::startHttpListener(std::__1::list<std::__1::shared_ptr<Envoy::AccessLog::Instance>, std::__1::allocator<std::__1::shared_ptr<Envoy::AccessLog::Instance> > > const&, std::__1::basic_string<char, std::__1::char_traits<char>, std::__1::allocator<char> > const&, std::__1::shared_ptr<Envoy::Network::Address::Instance const>, std::__1::shared_ptr<std::__1::vector<std::__1::shared_ptr<Envoy::Network::Socket::Option const>, std::__1::allocator<std::__1::shared_ptr<Envoy::Network::Socket::Option const> > > > const&, std::__1::unique_ptr<Envoy::Stats::Scope, std::__1::default_delete<Envoy::Stats::Scope> >&&)+302
        Envoy::Server::InstanceImpl::initialize(Envoy::Server::Options const&, std::__1::shared_ptr<Envoy::Network::Address::Instance const>, Envoy::Server::ComponentFactory&)+12555
        Envoy::Server::InstanceImpl::InstanceImpl(Envoy::Init::Manager&, Envoy::Server::Options const&, Envoy::Event::TimeSystem&, std::__1::shared_ptr<Envoy::Network::Address::Instance const>, Envoy::ListenerHooks&, Envoy::Server::HotRestart&, Envoy::Stats::StoreRoot&, Envoy::Thread::BasicLockable&, Envoy::Server::ComponentFactory&, std::__1::unique_ptr<Envoy::Random::RandomGenerator, std::__1::default_delete<Envoy::Random::RandomGenerator> >&&, Envoy::ThreadLocal::Instance&, Envoy::Thread::ThreadFactory&, Envoy::Filesystem::Instance&, std::__1::unique_ptr<Envoy::ProcessContext, std::__1::default_delete<Envoy::ProcessContext> >, std::__1::shared_ptr<Envoy::Buffer::WatermarkFactory>)+1912
        std::__1::__unique_if<Envoy::Server::InstanceImpl>::__unique_single std::__1::make_unique<Envoy::Server::InstanceImpl, Envoy::Init::Manager&, Envoy::Server::Options const&, Envoy::Event::TimeSystem&, std::__1::shared_ptr<Envoy::Network::Address::Instance const>&, Envoy::ListenerHooks&, Envoy::Server::HotRestart&, Envoy::Stats::ThreadLocalStoreImpl&, Envoy::Thread::BasicLockable&, Envoy::Server::ComponentFactory&, std::__1::unique_ptr<Envoy::Random::RandomGenerator, std::__1::default_delete<Envoy::Random::RandomGenerator> >, Envoy::ThreadLocal::InstanceImpl&, Envoy::Thread::ThreadFactory&, Envoy::Filesystem::Instance&, std::__1::unique_ptr<Envoy::ProcessContext, std::__1::default_delete<Envoy::ProcessContext> > >(Envoy::Init::Manager&, Envoy::Server::Options const&, Envoy::Event::TimeSystem&, std::__1::shared_ptr<Envoy::Network::Address::Instance const>&, Envoy::ListenerHooks&, Envoy::Server::HotRestart&, Envoy::Stats::ThreadLocalStoreImpl&, Envoy::Thread::BasicLockable&, Envoy::Server::ComponentFactory&, std::__1::unique_ptr<Envoy::Random::RandomGenerator, std::__1::default_delete<Envoy::Random::RandomGenerator> >&&, Envoy::ThreadLocal::InstanceImpl&, Envoy::Thread::ThreadFactory&, Envoy::Filesystem::Instance&, std::__1::unique_ptr<Envoy::ProcessContext, std::__1::default_delete<Envoy::ProcessContext> >&&)+164
        Envoy::MainCommonBase::MainCommonBase(Envoy::Server::Options const&, Envoy::Event::TimeSystem&, Envoy::ListenerHooks&, Envoy::Server::ComponentFactory&, std::__1::unique_ptr<Envoy::Server::Platform, std::__1::default_delete<Envoy::Server::Platform> >, std::__1::unique_ptr<Envoy::Random::RandomGenerator, std::__1::default_delete<Envoy::Random::RandomGenerator> >&&, std::__1::unique_ptr<Envoy::ProcessContext, std::__1::default_delete<Envoy::ProcessContext> >)+1680
        Envoy::MainCommon::MainCommon(int, char const* const*)+398
        Envoy::MainCommon::main(int, char**, std::__1::function<void (Envoy::Server::Instance&)>)+67
        main+44
        __libc_start_main+243


########## listen() ##########
comm:envoy           : listen() fd=18, ip:127.0.0.1       , port:15000 
stack: 
        listen+11
        Envoy::Network::IoSocketHandleImpl::listen(int)+69
        Envoy::Network::TcpListenerImpl::setupServerSocket(Envoy::Event::DispatcherImpl&, Envoy::Network::Socket&)+62
        Envoy::Network::TcpListenerImpl::TcpListenerImpl(Envoy::Event::DispatcherImpl&, Envoy::Random::RandomGenerator&, std::__1::shared_ptr<Envoy::Network::Socket>, Envoy::Network::TcpListenerCallbacks&, bool, unsigned int)+195
        Envoy::Event::DispatcherImpl::createListener(std::__1::shared_ptr<Envoy::Network::Socket>&&, Envoy::Network::TcpListenerCallbacks&, bool, unsigned int)+108
        Envoy::Server::ActiveTcpListener::ActiveTcpListener(Envoy::Network::TcpConnectionHandler&, Envoy::Network::ListenerConfig&)+116
        Envoy::Server::ConnectionHandlerImpl::addListener(absl::optional<unsigned long>, Envoy::Network::ListenerConfig&)+671
        Envoy::Server::InstanceImpl::initialize(Envoy::Server::Options const&, std::__1::shared_ptr<Envoy::Network::Address::Instance const>, Envoy::Server::ComponentFactory&)+13195
        Envoy::Server::InstanceImpl::InstanceImpl(Envoy::Init::Manager&, Envoy::Server::Options const&, Envoy::Event::TimeSystem&, std::__1::shared_ptr<Envoy::Network::Address::Instance const>, Envoy::ListenerHooks&, Envoy::Server::HotRestart&, Envoy::Stats::StoreRoot&, Envoy::Thread::BasicLockable&, Envoy::Server::ComponentFactory&, std::__1::unique_ptr<Envoy::Random::RandomGenerator, std::__1::default_delete<Envoy::Random::RandomGenerator> >&&, Envoy::ThreadLocal::Instance&, Envoy::Thread::ThreadFactory&, Envoy::Filesystem::Instance&, std::__1::unique_ptr<Envoy::ProcessContext, std::__1::default_delete<Envoy::ProcessContext> >, std::__1::shared_ptr<Envoy::Buffer::WatermarkFactory>)+1912
        std::__1::__unique_if<Envoy::Server::InstanceImpl>::__unique_single std::__1::make_unique<Envoy::Server::InstanceImpl, Envoy::Init::Manager&, Envoy::Server::Options const&, Envoy::Event::TimeSystem&, std::__1::shared_ptr<Envoy::Network::Address::Instance const>&, Envoy::ListenerHooks&, Envoy::Server::HotRestart&, Envoy::Stats::ThreadLocalStoreImpl&, Envoy::Thread::BasicLockable&, Envoy::Server::ComponentFactory&, std::__1::unique_ptr<Envoy::Random::RandomGenerator, std::__1::default_delete<Envoy::Random::RandomGenerator> >, Envoy::ThreadLocal::InstanceImpl&, Envoy::Thread::ThreadFactory&, Envoy::Filesystem::Instance&, std::__1::unique_ptr<Envoy::ProcessContext, std::__1::default_delete<Envoy::ProcessContext> > >(Envoy::Init::Manager&, Envoy::Server::Options const&, Envoy::Event::TimeSystem&, std::__1::shared_ptr<Envoy::Network::Address::Instance const>&, Envoy::ListenerHooks&, Envoy::Server::HotRestart&, Envoy::Stats::ThreadLocalStoreImpl&, Envoy::Thread::BasicLockable&, Envoy::Server::ComponentFactory&, std::__1::unique_ptr<Envoy::Random::RandomGenerator, std::__1::default_delete<Envoy::Random::RandomGenerator> >&&, Envoy::ThreadLocal::InstanceImpl&, Envoy::Thread::ThreadFactory&, Envoy::Filesystem::Instance&, std::__1::unique_ptr<Envoy::ProcessContext, std::__1::default_delete<Envoy::ProcessContext> >&&)+164
        Envoy::MainCommonBase::MainCommonBase(Envoy::Server::Options const&, Envoy::Event::TimeSystem&, Envoy::ListenerHooks&, Envoy::Server::ComponentFactory&, std::__1::unique_ptr<Envoy::Server::Platform, std::__1::default_delete<Envoy::Server::Platform> >, std::__1::unique_ptr<Envoy::Random::RandomGenerator, std::__1::default_delete<Envoy::Random::RandomGenerator> >&&, std::__1::unique_ptr<Envoy::ProcessContext, std::__1::default_delete<Envoy::ProcessContext> >)+1680
        Envoy::MainCommon::MainCommon(int, char const* const*)+398
        Envoy::MainCommon::main(int, char**, std::__1::function<void (Envoy::Server::Instance&)>)+67
        main+44
        __libc_start_main+243


########## setsockopt() ##########
comm:envoy           : setsockopt: level=1, fd=21, optname=2, optval=1, optlen=4. 

########## bind() ##########
comm:envoy           : bind AF_INET: ip:0.0.0.0          port:15090 fd=21 
stack: 
        bind+11
        Envoy::Network::IoSocketHandleImpl::bind(std::__1::shared_ptr<Envoy::Network::Address::Instance const>)+101
        Envoy::Network::SocketImpl::bind(std::__1::shared_ptr<Envoy::Network::Address::Instance const>)+383
        Envoy::Network::ListenSocketImpl::bind(std::__1::shared_ptr<Envoy::Network::Address::Instance const>)+77
        Envoy::Network::ListenSocketImpl::setupSocket(std::__1::shared_ptr<std::__1::vector<std::__1::shared_ptr<Envoy::Network::Socket::Option const>, std::__1::allocator<std::__1::shared_ptr<Envoy::Network::Socket::Option const> > > > const&, bool)+76
        Envoy::Network::NetworkListenSocket<Envoy::Network::NetworkSocketTrait<(Envoy::Network::Socket::Type)0> >::NetworkListenSocket(std::__1::shared_ptr<Envoy::Network::Address::Instance const> const&, std::__1::shared_ptr<std::__1::vector<std::__1::shared_ptr<Envoy::Network::Socket::Option const>, std::__1::allocator<std::__1::shared_ptr<Envoy::Network::Socket::Option const> > > > const&, bool)+486
        Envoy::Server::ProdListenerComponentFactory::createListenSocket(std::__1::shared_ptr<Envoy::Network::Address::Instance const>, Envoy::Network::Socket::Type, std::__1::shared_ptr<std::__1::vector<std::__1::shared_ptr<Envoy::Network::Socket::Option const>, std::__1::allocator<std::__1::shared_ptr<Envoy::Network::Socket::Option const> > > > const&, Envoy::Server::ListenSocketCreationParams const&)+1211
        Envoy::Server::ListenSocketFactoryImpl::createListenSocketAndApplyOptions()+114
        Envoy::Server::ListenSocketFactoryImpl::ListenSocketFactoryImpl(Envoy::Server::ListenerComponentFactory&, std::__1::shared_ptr<Envoy::Network::Address::Instance const>, Envoy::Network::Socket::Type, std::__1::shared_ptr<std::__1::vector<std::__1::shared_ptr<Envoy::Network::Socket::Option const>, std::__1::allocator<std::__1::shared_ptr<Envoy::Network::Socket::Option const> > > > const&, bool, std::__1::basic_string<char, std::__1::char_traits<char>, std::__1::allocator<char> > const&, bool)+170
        std::__1::__shared_ptr_emplace<Envoy::Server::ListenSocketFactoryImpl, std::__1::allocator<Envoy::Server::ListenSocketFactoryImpl> >::__shared_ptr_emplace<Envoy::Server::ListenerComponentFactory&, std::__1::shared_ptr<Envoy::Network::Address::Instance const>, Envoy::Network::Socket::Type&, std::__1::shared_ptr<std::__1::vector<std::__1::shared_ptr<Envoy::Network::Socket::Option const>, std::__1::allocator<std::__1::shared_ptr<Envoy::Network::Socket::Option const> > > > const&, bool, std::__1::basic_string<char, std::__1::char_traits<char>, std::__1::allocator<char> > const&, bool&>(std::__1::allocator<Envoy::Server::ListenSocketFactoryImpl>, Envoy::Server::ListenerComponentFactory&, std::__1::shared_ptr<Envoy::Network::Address::Instance const>&&, Envoy::Network::Socket::Type&, std::__1::shared_ptr<std::__1::vector<std::__1::shared_ptr<Envoy::Network::Socket::Option const>, std::__1::allocator<std::__1::shared_ptr<Envoy::Network::Socket::Option const> > > > const&, bool&&, std::__1::basic_string<char, std::__1::char_traits<char>, std::__1::allocator<char> > const&, bool&)+80
        Envoy::Server::ListenerManagerImpl::createListenSocketFactory(envoy::config::core::v3::Address const&, Envoy::Server::ListenerImpl&, bool)+133
        Envoy::Server::ListenerManagerImpl::setNewOrDrainingSocketFactory(std::__1::basic_string<char, std::__1::char_traits<char>, std::__1::allocator<char> > const&, envoy::config::core::v3::Address const&, Envoy::Server::ListenerImpl&, bool)+783
        Envoy::Server::ListenerManagerImpl::addOrUpdateListenerInternal(envoy::config::listener::v3::Listener const&, std::__1::basic_string<char, std::__1::char_traits<char>, std::__1::allocator<char> > const&, bool, std::__1::basic_string<char, std::__1::char_traits<char>, std::__1::allocator<char> > const&)+3172
        Envoy::Server::ListenerManagerImpl::addOrUpdateListener(envoy::config::listener::v3::Listener const&, std::__1::basic_string<char, std::__1::char_traits<char>, std::__1::allocator<char> > const&, bool)+409
        Envoy::Server::Configuration::MainImpl::initialize(envoy::config::bootstrap::v3::Bootstrap const&, Envoy::Server::Instance&, Envoy::Upstream::ClusterManagerFactory&)+2135
        Envoy::Server::InstanceImpl::initialize(Envoy::Server::Options const&, std::__1::shared_ptr<Envoy::Network::Address::Instance const>, Envoy::Server::ComponentFactory&)+14470
        Envoy::Server::InstanceImpl::InstanceImpl(Envoy::Init::Manager&, Envoy::Server::Options const&, Envoy::Event::TimeSystem&, std::__1::shared_ptr<Envoy::Network::Address::Instance const>, Envoy::ListenerHooks&, Envoy::Server::HotRestart&, Envoy::Stats::StoreRoot&, Envoy::Thread::BasicLockable&, Envoy::Server::ComponentFactory&, std::__1::unique_ptr<Envoy::Random::RandomGenerator, std::__1::default_delete<Envoy::Random::RandomGenerator> >&&, Envoy::ThreadLocal::Instance&, Envoy::Thread::ThreadFactory&, Envoy::Filesystem::Instance&, std::__1::unique_ptr<Envoy::ProcessContext, std::__1::default_delete<Envoy::ProcessContext> >, std::__1::shared_ptr<Envoy::Buffer::WatermarkFactory>)+1912
        std::__1::__unique_if<Envoy::Server::InstanceImpl>::__unique_single std::__1::make_unique<Envoy::Server::InstanceImpl, Envoy::Init::Manager&, Envoy::Server::Options const&, Envoy::Event::TimeSystem&, std::__1::shared_ptr<Envoy::Network::Address::Instance const>&, Envoy::ListenerHooks&, Envoy::Server::HotRestart&, Envoy::Stats::ThreadLocalStoreImpl&, Envoy::Thread::BasicLockable&, Envoy::Server::ComponentFactory&, std::__1::unique_ptr<Envoy::Random::RandomGenerator, std::__1::default_delete<Envoy::Random::RandomGenerator> >, Envoy::ThreadLocal::InstanceImpl&, Envoy::Thread::ThreadFactory&, Envoy::Filesystem::Instance&, std::__1::unique_ptr<Envoy::ProcessContext, std::__1::default_delete<Envoy::ProcessContext> > >(Envoy::Init::Manager&, Envoy::Server::Options const&, Envoy::Event::TimeSystem&, std::__1::shared_ptr<Envoy::Network::Address::Instance const>&, Envoy::ListenerHooks&, Envoy::Server::HotRestart&, Envoy::Stats::ThreadLocalStoreImpl&, Envoy::Thread::BasicLockable&, Envoy::Server::ComponentFactory&, std::__1::unique_ptr<Envoy::Random::RandomGenerator, std::__1::default_delete<Envoy::Random::RandomGenerator> >&&, Envoy::ThreadLocal::InstanceImpl&, Envoy::Thread::ThreadFactory&, Envoy::Filesystem::Instance&, std::__1::unique_ptr<Envoy::ProcessContext, std::__1::default_delete<Envoy::ProcessContext> >&&)+164
        Envoy::MainCommonBase::MainCommonBase(Envoy::Server::Options const&, Envoy::Event::TimeSystem&, Envoy::ListenerHooks&, Envoy::Server::ComponentFactory&, std::__1::unique_ptr<Envoy::Server::Platform, std::__1::default_delete<Envoy::Server::Platform> >, std::__1::unique_ptr<Envoy::Random::RandomGenerator, std::__1::default_delete<Envoy::Random::RandomGenerator> >&&, std::__1::unique_ptr<Envoy::ProcessContext, std::__1::default_delete<Envoy::ProcessContext> >)+1680
        Envoy::MainCommon::MainCommon(int, char const* const*)+398
        Envoy::MainCommon::main(int, char**, std::__1::function<void (Envoy::Server::Instance&)>)+67
        main+44
        __libc_start_main+243


########## setsockopt() ##########
comm:envoy           : setsockopt: level=1, fd=22, optname=2, optval=1, optlen=4. 

########## bind() ##########
comm:envoy           : bind AF_INET: ip:0.0.0.0          port:15021 fd=22 
stack: 
        bind+11
        Envoy::Network::IoSocketHandleImpl::bind(std::__1::shared_ptr<Envoy::Network::Address::Instance const>)+101
        Envoy::Network::SocketImpl::bind(std::__1::shared_ptr<Envoy::Network::Address::Instance const>)+383
        Envoy::Network::ListenSocketImpl::bind(std::__1::shared_ptr<Envoy::Network::Address::Instance const>)+77
        Envoy::Network::ListenSocketImpl::setupSocket(std::__1::shared_ptr<std::__1::vector<std::__1::shared_ptr<Envoy::Network::Socket::Option const>, std::__1::allocator<std::__1::shared_ptr<Envoy::Network::Socket::Option const> > > > const&, bool)+76
        Envoy::Network::NetworkListenSocket<Envoy::Network::NetworkSocketTrait<(Envoy::Network::Socket::Type)0> >::NetworkListenSocket(std::__1::shared_ptr<Envoy::Network::Address::Instance const> const&, std::__1::shared_ptr<std::__1::vector<std::__1::shared_ptr<Envoy::Network::Socket::Option const>, std::__1::allocator<std::__1::shared_ptr<Envoy::Network::Socket::Option const> > > > const&, bool)+486
        Envoy::Server::ProdListenerComponentFactory::createListenSocket(std::__1::shared_ptr<Envoy::Network::Address::Instance const>, Envoy::Network::Socket::Type, std::__1::shared_ptr<std::__1::vector<std::__1::shared_ptr<Envoy::Network::Socket::Option const>, std::__1::allocator<std::__1::shared_ptr<Envoy::Network::Socket::Option const> > > > const&, Envoy::Server::ListenSocketCreationParams const&)+1211
        Envoy::Server::ListenSocketFactoryImpl::createListenSocketAndApplyOptions()+114
        Envoy::Server::ListenSocketFactoryImpl::ListenSocketFactoryImpl(Envoy::Server::ListenerComponentFactory&, std::__1::shared_ptr<Envoy::Network::Address::Instance const>, Envoy::Network::Socket::Type, std::__1::shared_ptr<std::__1::vector<std::__1::shared_ptr<Envoy::Network::Socket::Option const>, std::__1::allocator<std::__1::shared_ptr<Envoy::Network::Socket::Option const> > > > const&, bool, std::__1::basic_string<char, std::__1::char_traits<char>, std::__1::allocator<char> > const&, bool)+170
        std::__1::__shared_ptr_emplace<Envoy::Server::ListenSocketFactoryImpl, std::__1::allocator<Envoy::Server::ListenSocketFactoryImpl> >::__shared_ptr_emplace<Envoy::Server::ListenerComponentFactory&, std::__1::shared_ptr<Envoy::Network::Address::Instance const>, Envoy::Network::Socket::Type&, std::__1::shared_ptr<std::__1::vector<std::__1::shared_ptr<Envoy::Network::Socket::Option const>, std::__1::allocator<std::__1::shared_ptr<Envoy::Network::Socket::Option const> > > > const&, bool, std::__1::basic_string<char, std::__1::char_traits<char>, std::__1::allocator<char> > const&, bool&>(std::__1::allocator<Envoy::Server::ListenSocketFactoryImpl>, Envoy::Server::ListenerComponentFactory&, std::__1::shared_ptr<Envoy::Network::Address::Instance const>&&, Envoy::Network::Socket::Type&, std::__1::shared_ptr<std::__1::vector<std::__1::shared_ptr<Envoy::Network::Socket::Option const>, std::__1::allocator<std::__1::shared_ptr<Envoy::Network::Socket::Option const> > > > const&, bool&&, std::__1::basic_string<char, std::__1::char_traits<char>, std::__1::allocator<char> > const&, bool&)+80
        Envoy::Server::ListenerManagerImpl::createListenSocketFactory(envoy::config::core::v3::Address const&, Envoy::Server::ListenerImpl&, bool)+133
        Envoy::Server::ListenerManagerImpl::setNewOrDrainingSocketFactory(std::__1::basic_string<char, std::__1::char_traits<char>, std::__1::allocator<char> > const&, envoy::config::core::v3::Address const&, Envoy::Server::ListenerImpl&, bool)+783
        Envoy::Server::ListenerManagerImpl::addOrUpdateListenerInternal(envoy::config::listener::v3::Listener const&, std::__1::basic_string<char, std::__1::char_traits<char>, std::__1::allocator<char> > const&, bool, std::__1::basic_string<char, std::__1::char_traits<char>, std::__1::allocator<char> > const&)+3172
        Envoy::Server::ListenerManagerImpl::addOrUpdateListener(envoy::config::listener::v3::Listener const&, std::__1::basic_string<char, std::__1::char_traits<char>, std::__1::allocator<char> > const&, bool)+409
        Envoy::Server::Configuration::MainImpl::initialize(envoy::config::bootstrap::v3::Bootstrap const&, Envoy::Server::Instance&, Envoy::Upstream::ClusterManagerFactory&)+2135
        Envoy::Server::InstanceImpl::initialize(Envoy::Server::Options const&, std::__1::shared_ptr<Envoy::Network::Address::Instance const>, Envoy::Server::ComponentFactory&)+14470
        Envoy::Server::InstanceImpl::InstanceImpl(Envoy::Init::Manager&, Envoy::Server::Options const&, Envoy::Event::TimeSystem&, std::__1::shared_ptr<Envoy::Network::Address::Instance const>, Envoy::ListenerHooks&, Envoy::Server::HotRestart&, Envoy::Stats::StoreRoot&, Envoy::Thread::BasicLockable&, Envoy::Server::ComponentFactory&, std::__1::unique_ptr<Envoy::Random::RandomGenerator, std::__1::default_delete<Envoy::Random::RandomGenerator> >&&, Envoy::ThreadLocal::Instance&, Envoy::Thread::ThreadFactory&, Envoy::Filesystem::Instance&, std::__1::unique_ptr<Envoy::ProcessContext, std::__1::default_delete<Envoy::ProcessContext> >, std::__1::shared_ptr<Envoy::Buffer::WatermarkFactory>)+1912
        std::__1::__unique_if<Envoy::Server::InstanceImpl>::__unique_single std::__1::make_unique<Envoy::Server::InstanceImpl, Envoy::Init::Manager&, Envoy::Server::Options const&, Envoy::Event::TimeSystem&, std::__1::shared_ptr<Envoy::Network::Address::Instance const>&, Envoy::ListenerHooks&, Envoy::Server::HotRestart&, Envoy::Stats::ThreadLocalStoreImpl&, Envoy::Thread::BasicLockable&, Envoy::Server::ComponentFactory&, std::__1::unique_ptr<Envoy::Random::RandomGenerator, std::__1::default_delete<Envoy::Random::RandomGenerator> >, Envoy::ThreadLocal::InstanceImpl&, Envoy::Thread::ThreadFactory&, Envoy::Filesystem::Instance&, std::__1::unique_ptr<Envoy::ProcessContext, std::__1::default_delete<Envoy::ProcessContext> > >(Envoy::Init::Manager&, Envoy::Server::Options const&, Envoy::Event::TimeSystem&, std::__1::shared_ptr<Envoy::Network::Address::Instance const>&, Envoy::ListenerHooks&, Envoy::Server::HotRestart&, Envoy::Stats::ThreadLocalStoreImpl&, Envoy::Thread::BasicLockable&, Envoy::Server::ComponentFactory&, std::__1::unique_ptr<Envoy::Random::RandomGenerator, std::__1::default_delete<Envoy::Random::RandomGenerator> >&&, Envoy::ThreadLocal::InstanceImpl&, Envoy::Thread::ThreadFactory&, Envoy::Filesystem::Instance&, std::__1::unique_ptr<Envoy::ProcessContext, std::__1::default_delete<Envoy::ProcessContext> >&&)+164
        Envoy::MainCommonBase::MainCommonBase(Envoy::Server::Options const&, Envoy::Event::TimeSystem&, Envoy::ListenerHooks&, Envoy::Server::ComponentFactory&, std::__1::unique_ptr<Envoy::Server::Platform, std::__1::default_delete<Envoy::Server::Platform> >, std::__1::unique_ptr<Envoy::Random::RandomGenerator, std::__1::default_delete<Envoy::Random::RandomGenerator> >&&, std::__1::unique_ptr<Envoy::ProcessContext, std::__1::default_delete<Envoy::ProcessContext> >)+1680
        Envoy::MainCommon::MainCommon(int, char const* const*)+398
        Envoy::MainCommon::main(int, char**, std::__1::function<void (Envoy::Server::Instance&)>)+67
        main+44
        __libc_start_main+243


########## setsockopt() ##########
comm:envoy           : setsockopt: level=1, fd=31, optname=2, optval=1, optlen=4. 

########## bind() ##########
comm:envoy           : bind AF_INET: ip:0.0.0.0          port:15001 fd=31 
stack: 
        bind+11
        Envoy::Network::IoSocketHandleImpl::bind(std::__1::shared_ptr<Envoy::Network::Address::Instance const>)+101
        Envoy::Network::SocketImpl::bind(std::__1::shared_ptr<Envoy::Network::Address::Instance const>)+383
        Envoy::Network::ListenSocketImpl::bind(std::__1::shared_ptr<Envoy::Network::Address::Instance const>)+77
        Envoy::Network::ListenSocketImpl::setupSocket(std::__1::shared_ptr<std::__1::vector<std::__1::shared_ptr<Envoy::Network::Socket::Option const>, std::__1::allocator<std::__1::shared_ptr<Envoy::Network::Socket::Option const> > > > const&, bool)+76
        Envoy::Network::NetworkListenSocket<Envoy::Network::NetworkSocketTrait<(Envoy::Network::Socket::Type)0> >::NetworkListenSocket(std::__1::shared_ptr<Envoy::Network::Address::Instance const> const&, std::__1::shared_ptr<std::__1::vector<std::__1::shared_ptr<Envoy::Network::Socket::Option const>, std::__1::allocator<std::__1::shared_ptr<Envoy::Network::Socket::Option const> > > > const&, bool)+486
        Envoy::Server::ProdListenerComponentFactory::createListenSocket(std::__1::shared_ptr<Envoy::Network::Address::Instance const>, Envoy::Network::Socket::Type, std::__1::shared_ptr<std::__1::vector<std::__1::shared_ptr<Envoy::Network::Socket::Option const>, std::__1::allocator<std::__1::shared_ptr<Envoy::Network::Socket::Option const> > > > const&, Envoy::Server::ListenSocketCreationParams const&)+1211
        Envoy::Server::ListenSocketFactoryImpl::createListenSocketAndApplyOptions()+114
        Envoy::Server::ListenSocketFactoryImpl::ListenSocketFactoryImpl(Envoy::Server::ListenerComponentFactory&, std::__1::shared_ptr<Envoy::Network::Address::Instance const>, Envoy::Network::Socket::Type, std::__1::shared_ptr<std::__1::vector<std::__1::shared_ptr<Envoy::Network::Socket::Option const>, std::__1::allocator<std::__1::shared_ptr<Envoy::Network::Socket::Option const> > > > const&, bool, std::__1::basic_string<char, std::__1::char_traits<char>, std::__1::allocator<char> > const&, bool)+170
        std::__1::__shared_ptr_emplace<Envoy::Server::ListenSocketFactoryImpl, std::__1::allocator<Envoy::Server::ListenSocketFactoryImpl> >::__shared_ptr_emplace<Envoy::Server::ListenerComponentFactory&, std::__1::shared_ptr<Envoy::Network::Address::Instance const>, Envoy::Network::Socket::Type&, std::__1::shared_ptr<std::__1::vector<std::__1::shared_ptr<Envoy::Network::Socket::Option const>, std::__1::allocator<std::__1::shared_ptr<Envoy::Network::Socket::Option const> > > > const&, bool, std::__1::basic_string<char, std::__1::char_traits<char>, std::__1::allocator<char> > const&, bool&>(std::__1::allocator<Envoy::Server::ListenSocketFactoryImpl>, Envoy::Server::ListenerComponentFactory&, std::__1::shared_ptr<Envoy::Network::Address::Instance const>&&, Envoy::Network::Socket::Type&, std::__1::shared_ptr<std::__1::vector<std::__1::shared_ptr<Envoy::Network::Socket::Option const>, std::__1::allocator<std::__1::shared_ptr<Envoy::Network::Socket::Option const> > > > const&, bool&&, std::__1::basic_string<char, std::__1::char_traits<char>, std::__1::allocator<char> > const&, bool&)+80
        Envoy::Server::ListenerManagerImpl::createListenSocketFactory(envoy::config::core::v3::Address const&, Envoy::Server::ListenerImpl&, bool)+133
        Envoy::Server::ListenerManagerImpl::setNewOrDrainingSocketFactory(std::__1::basic_string<char, std::__1::char_traits<char>, std::__1::allocator<char> > const&, envoy::config::core::v3::Address const&, Envoy::Server::ListenerImpl&, bool)+783
        Envoy::Server::ListenerManagerImpl::addOrUpdateListenerInternal(envoy::config::listener::v3::Listener const&, std::__1::basic_string<char, std::__1::char_traits<char>, std::__1::allocator<char> > const&, bool, std::__1::basic_string<char, std::__1::char_traits<char>, std::__1::allocator<char> > const&)+3172
        Envoy::Server::ListenerManagerImpl::addOrUpdateListener(envoy::config::listener::v3::Listener const&, std::__1::basic_string<char, std::__1::char_traits<char>, std::__1::allocator<char> > const&, bool)+409
        Envoy::Server::LdsApiImpl::onConfigUpdate(std::__1::vector<std::__1::reference_wrapper<Envoy::Config::DecodedResource>, std::__1::allocator<std::__1::reference_wrapper<Envoy::Config::DecodedResource> > > const&, google::protobuf::RepeatedPtrField<std::__1::basic_string<char, std::__1::char_traits<char>, std::__1::allocator<char> > > const&, std::__1::basic_string<char, std::__1::char_traits<char>, std::__1::allocator<char> > const&)+1535
        Envoy::Server::LdsApiImpl::onConfigUpdate(std::__1::vector<std::__1::reference_wrapper<Envoy::Config::DecodedResource>, std::__1::allocator<std::__1::reference_wrapper<Envoy::Config::DecodedResource> > > const&, std::__1::basic_string<char, std::__1::char_traits<char>, std::__1::allocator<char> > const&)+908
        Envoy::Config::GrpcSubscriptionImpl::onConfigUpdate(std::__1::vector<std::__1::reference_wrapper<Envoy::Config::DecodedResource>, std::__1::allocator<std::__1::reference_wrapper<Envoy::Config::DecodedResource> > > const&, std::__1::basic_string<char, std::__1::char_traits<char>, std::__1::allocator<char> > const&)+121
        Envoy::Config::GrpcMuxImpl::onDiscoveryResponse(std::__1::unique_ptr<envoy::service::discovery::v3::DiscoveryResponse, std::__1::default_delete<envoy::service::discovery::v3::DiscoveryResponse> >&&, Envoy::Config::ControlPlaneStats&)+3664
        Envoy::Grpc::AsyncStreamCallbacks<envoy::service::discovery::v3::DiscoveryResponse>::onReceiveMessageRaw(std::__1::unique_ptr<Envoy::Buffer::Instance, std::__1::default_delete<Envoy::Buffer::Instance> >&&)+161
        Envoy::Grpc::AsyncStreamImpl::onData(Envoy::Buffer::Instance&, bool)+199
        Envoy::Http::AsyncStreamImpl::encodeData(Envoy::Buffer::Instance&, bool)+354
        Envoy::Router::UpstreamRequest::decodeData(Envoy::Buffer::Instance&, bool)+230
        Envoy::Http::ResponseDecoderWrapper::decodeData(Envoy::Buffer::Instance&, bool)+59
        Envoy::Http::Http2::ConnectionImpl::onFrameReceived(nghttp2_frame const*)+1413
        Envoy::Http::Http2::ConnectionImpl::Http2Callbacks::Http2Callbacks()::$_22::__invoke(nghttp2_session*, nghttp2_frame const*, void*)+32
        nghttp2_session_on_data_received+172
        nghttp2_session_mem_recv+7174
        Envoy::Http::Http2::ConnectionImpl::dispatch(Envoy::Buffer::Instance&)+1120
        virtual thunk to Envoy::Http::Http2::ConnectionImpl::dispatch(Envoy::Buffer::Instance&)+21
        Envoy::Http::CodecClient::onData(Envoy::Buffer::Instance&)+48
        Envoy::Http::CodecClient::CodecReadFilter::onData(Envoy::Buffer::Instance&, bool)+21
        Envoy::Network::FilterManagerImpl::onContinueReading(Envoy::Network::FilterManagerImpl::ActiveReadFilter*, Envoy::Network::ReadBufferSource&)+303
        Envoy::Network::ConnectionImpl::onReadReady()+1622
        Envoy::Network::ConnectionImpl::onFileEvent(unsigned int)+879
        std::__1::__function::__func<Envoy::Event::DispatcherImpl::createFileEvent(int, std::__1::function<void (unsigned int)>, Envoy::Event::FileTriggerType, unsigned int)::$_5, std::__1::allocator<Envoy::Event::DispatcherImpl::createFileEvent(int, std::__1::function<void (unsigned int)>, Envoy::Event::FileTriggerType, unsigned int)::$_5>, void (unsigned int)>::operator()(unsigned int&&)+65
        Envoy::Event::FileEventImpl::assignEvents(unsigned int, event_base*)::$_1::__invoke(int, short, void*)+92
        event_process_active_single_queue+1416
        event_base_loop+1953
        Envoy::Server::InstanceImpl::run()+747
        Envoy::MainCommonBase::run()+68
        Envoy::MainCommon::main(int, char**, std::__1::function<void (Envoy::Server::Instance&)>)+148
        main+44
        __libc_start_main+243


########## setsockopt() ##########
comm:envoy           : setsockopt: level=1, fd=32, optname=2, optval=1, optlen=4. 

########## bind() ##########
comm:envoy           : bind AF_INET: ip:0.0.0.0          port:15006 fd=32 
stack: 
        bind+11
        Envoy::Network::IoSocketHandleImpl::bind(std::__1::shared_ptr<Envoy::Network::Address::Instance const>)+101
        Envoy::Network::SocketImpl::bind(std::__1::shared_ptr<Envoy::Network::Address::Instance const>)+383
        Envoy::Network::ListenSocketImpl::bind(std::__1::shared_ptr<Envoy::Network::Address::Instance const>)+77
        Envoy::Network::ListenSocketImpl::setupSocket(std::__1::shared_ptr<std::__1::vector<std::__1::shared_ptr<Envoy::Network::Socket::Option const>, std::__1::allocator<std::__1::shared_ptr<Envoy::Network::Socket::Option const> > > > const&, bool)+76
        Envoy::Network::NetworkListenSocket<Envoy::Network::NetworkSocketTrait<(Envoy::Network::Socket::Type)0> >::NetworkListenSocket(std::__1::shared_ptr<Envoy::Network::Address::Instance const> const&, std::__1::shared_ptr<std::__1::vector<std::__1::shared_ptr<Envoy::Network::Socket::Option const>, std::__1::allocator<std::__1::shared_ptr<Envoy::Network::Socket::Option const> > > > const&, bool)+486
        Envoy::Server::ProdListenerComponentFactory::createListenSocket(std::__1::shared_ptr<Envoy::Network::Address::Instance const>, Envoy::Network::Socket::Type, std::__1::shared_ptr<std::__1::vector<std::__1::shared_ptr<Envoy::Network::Socket::Option const>, std::__1::allocator<std::__1::shared_ptr<Envoy::Network::Socket::Option const> > > > const&, Envoy::Server::ListenSocketCreationParams const&)+1211
        Envoy::Server::ListenSocketFactoryImpl::createListenSocketAndApplyOptions()+114
        Envoy::Server::ListenSocketFactoryImpl::ListenSocketFactoryImpl(Envoy::Server::ListenerComponentFactory&, std::__1::shared_ptr<Envoy::Network::Address::Instance const>, Envoy::Network::Socket::Type, std::__1::shared_ptr<std::__1::vector<std::__1::shared_ptr<Envoy::Network::Socket::Option const>, std::__1::allocator<std::__1::shared_ptr<Envoy::Network::Socket::Option const> > > > const&, bool, std::__1::basic_string<char, std::__1::char_traits<char>, std::__1::allocator<char> > const&, bool)+170
        std::__1::__shared_ptr_emplace<Envoy::Server::ListenSocketFactoryImpl, std::__1::allocator<Envoy::Server::ListenSocketFactoryImpl> >::__shared_ptr_emplace<Envoy::Server::ListenerComponentFactory&, std::__1::shared_ptr<Envoy::Network::Address::Instance const>, Envoy::Network::Socket::Type&, std::__1::shared_ptr<std::__1::vector<std::__1::shared_ptr<Envoy::Network::Socket::Option const>, std::__1::allocator<std::__1::shared_ptr<Envoy::Network::Socket::Option const> > > > const&, bool, std::__1::basic_string<char, std::__1::char_traits<char>, std::__1::allocator<char> > const&, bool&>(std::__1::allocator<Envoy::Server::ListenSocketFactoryImpl>, Envoy::Server::ListenerComponentFactory&, std::__1::shared_ptr<Envoy::Network::Address::Instance const>&&, Envoy::Network::Socket::Type&, std::__1::shared_ptr<std::__1::vector<std::__1::shared_ptr<Envoy::Network::Socket::Option const>, std::__1::allocator<std::__1::shared_ptr<Envoy::Network::Socket::Option const> > > > const&, bool&&, std::__1::basic_string<char, std::__1::char_traits<char>, std::__1::allocator<char> > const&, bool&)+80
        Envoy::Server::ListenerManagerImpl::createListenSocketFactory(envoy::config::core::v3::Address const&, Envoy::Server::ListenerImpl&, bool)+133
        Envoy::Server::ListenerManagerImpl::setNewOrDrainingSocketFactory(std::__1::basic_string<char, std::__1::char_traits<char>, std::__1::allocator<char> > const&, envoy::config::core::v3::Address const&, Envoy::Server::ListenerImpl&, bool)+783
        Envoy::Server::ListenerManagerImpl::addOrUpdateListenerInternal(envoy::config::listener::v3::Listener const&, std::__1::basic_string<char, std::__1::char_traits<char>, std::__1::allocator<char> > const&, bool, std::__1::basic_string<char, std::__1::char_traits<char>, std::__1::allocator<char> > const&)+3172
        Envoy::Server::ListenerManagerImpl::addOrUpdateListener(envoy::config::listener::v3::Listener const&, std::__1::basic_string<char, std::__1::char_traits<char>, std::__1::allocator<char> > const&, bool)+409
        Envoy::Server::LdsApiImpl::onConfigUpdate(std::__1::vector<std::__1::reference_wrapper<Envoy::Config::DecodedResource>, std::__1::allocator<std::__1::reference_wrapper<Envoy::Config::DecodedResource> > > const&, google::protobuf::RepeatedPtrField<std::__1::basic_string<char, std::__1::char_traits<char>, std::__1::allocator<char> > > const&, std::__1::basic_string<char, std::__1::char_traits<char>, std::__1::allocator<char> > const&)+1535
        Envoy::Server::LdsApiImpl::onConfigUpdate(std::__1::vector<std::__1::reference_wrapper<Envoy::Config::DecodedResource>, std::__1::allocator<std::__1::reference_wrapper<Envoy::Config::DecodedResource> > > const&, std::__1::basic_string<char, std::__1::char_traits<char>, std::__1::allocator<char> > const&)+908
        Envoy::Config::GrpcSubscriptionImpl::onConfigUpdate(std::__1::vector<std::__1::reference_wrapper<Envoy::Config::DecodedResource>, std::__1::allocator<std::__1::reference_wrapper<Envoy::Config::DecodedResource> > > const&, std::__1::basic_string<char, std::__1::char_traits<char>, std::__1::allocator<char> > const&)+121
        Envoy::Config::GrpcMuxImpl::onDiscoveryResponse(std::__1::unique_ptr<envoy::service::discovery::v3::DiscoveryResponse, std::__1::default_delete<envoy::service::discovery::v3::DiscoveryResponse> >&&, Envoy::Config::ControlPlaneStats&)+3664
        Envoy::Grpc::AsyncStreamCallbacks<envoy::service::discovery::v3::DiscoveryResponse>::onReceiveMessageRaw(std::__1::unique_ptr<Envoy::Buffer::Instance, std::__1::default_delete<Envoy::Buffer::Instance> >&&)+161
        Envoy::Grpc::AsyncStreamImpl::onData(Envoy::Buffer::Instance&, bool)+199
        Envoy::Http::AsyncStreamImpl::encodeData(Envoy::Buffer::Instance&, bool)+354
        Envoy::Router::UpstreamRequest::decodeData(Envoy::Buffer::Instance&, bool)+230
        Envoy::Http::ResponseDecoderWrapper::decodeData(Envoy::Buffer::Instance&, bool)+59
        Envoy::Http::Http2::ConnectionImpl::onFrameReceived(nghttp2_frame const*)+1413
        Envoy::Http::Http2::ConnectionImpl::Http2Callbacks::Http2Callbacks()::$_22::__invoke(nghttp2_session*, nghttp2_frame const*, void*)+32
        nghttp2_session_on_data_received+172
        nghttp2_session_mem_recv+7174
        Envoy::Http::Http2::ConnectionImpl::dispatch(Envoy::Buffer::Instance&)+1120
        virtual thunk to Envoy::Http::Http2::ConnectionImpl::dispatch(Envoy::Buffer::Instance&)+21
        Envoy::Http::CodecClient::onData(Envoy::Buffer::Instance&)+48
        Envoy::Http::CodecClient::CodecReadFilter::onData(Envoy::Buffer::Instance&, bool)+21
        Envoy::Network::FilterManagerImpl::onContinueReading(Envoy::Network::FilterManagerImpl::ActiveReadFilter*, Envoy::Network::ReadBufferSource&)+303
        Envoy::Network::ConnectionImpl::onReadReady()+1622
        Envoy::Network::ConnectionImpl::onFileEvent(unsigned int)+879
        std::__1::__function::__func<Envoy::Event::DispatcherImpl::createFileEvent(int, std::__1::function<void (unsigned int)>, Envoy::Event::FileTriggerType, unsigned int)::$_5, std::__1::allocator<Envoy::Event::DispatcherImpl::createFileEvent(int, std::__1::function<void (unsigned int)>, Envoy::Event::FileTriggerType, unsigned int)::$_5>, void (unsigned int)>::operator()(unsigned int&&)+65
        Envoy::Event::FileEventImpl::assignEvents(unsigned int, event_base*)::$_1::__invoke(int, short, void*)+92
        event_process_active_single_queue+1416
        event_base_loop+1953
        Envoy::Server::InstanceImpl::run()+747
        Envoy::MainCommonBase::run()+68
        Envoy::MainCommon::main(int, char**, std::__1::function<void (Envoy::Server::Instance&)>)+148
        main+44
        __libc_start_main+243


########## sys_enter_dup() ##########
comm:wrk:worker_0    : duping_fd=21, new_fd=33 
stack: 
        dup+11
        Envoy::Network::IoSocketHandleImpl::duplicate()+71
        Envoy::Network::ListenSocketImpl::duplicate()+54
        Envoy::Server::ListenSocketFactoryImpl::getListenSocket()+102
        Envoy::Server::ActiveTcpListener::ActiveTcpListener(Envoy::Network::TcpConnectionHandler&, Envoy::Network::ListenerConfig&)+60
        Envoy::Server::ConnectionHandlerImpl::addListener(absl::optional<unsigned long>, Envoy::Network::ListenerConfig&)+671
        std::__1::__function::__func<Envoy::Server::WorkerImpl::addListener(absl::optional<unsigned long>, Envoy::Network::ListenerConfig&, std::__1::function<void (bool)>)::$_2, std::__1::allocator<Envoy::Server::WorkerImpl::addListener(absl::optional<unsigned long>, Envoy::Network::ListenerConfig&, std::__1::function<void (bool)>)::$_2>, void ()>::operator()()+46
        Envoy::Event::DispatcherImpl::runPostCallbacks()+317
        Envoy::Event::DispatcherImpl::run(Envoy::Event::Dispatcher::RunType)+44
        Envoy::Server::WorkerImpl::threadRoutine(Envoy::Server::GuardDog&, std::__1::function<void ()> const&)+621
        Envoy::Thread::ThreadImplPosix::ThreadImplPosix(std::__1::function<void ()>, absl::optional<Envoy::Thread::Options> const&)::{lambda(void*)#1}::__invoke(void*)+19
        start_thread+217


########## listen() ##########
comm:wrk:worker_0    : listen() on an dupliated old_fd=21 
comm:wrk:worker_0    : listen() fd=33, ip:0.0.0.0         , port:15090 
stack: 
        listen+11
        Envoy::Network::IoSocketHandleImpl::listen(int)+69
        Envoy::Network::TcpListenerImpl::setupServerSocket(Envoy::Event::DispatcherImpl&, Envoy::Network::Socket&)+62
        Envoy::Network::TcpListenerImpl::TcpListenerImpl(Envoy::Event::DispatcherImpl&, Envoy::Random::RandomGenerator&, std::__1::shared_ptr<Envoy::Network::Socket>, Envoy::Network::TcpListenerCallbacks&, bool, unsigned int)+195
        Envoy::Event::DispatcherImpl::createListener(std::__1::shared_ptr<Envoy::Network::Socket>&&, Envoy::Network::TcpListenerCallbacks&, bool, unsigned int)+108
        Envoy::Server::ActiveTcpListener::ActiveTcpListener(Envoy::Network::TcpConnectionHandler&, Envoy::Network::ListenerConfig&)+116
        Envoy::Server::ConnectionHandlerImpl::addListener(absl::optional<unsigned long>, Envoy::Network::ListenerConfig&)+671
        std::__1::__function::__func<Envoy::Server::WorkerImpl::addListener(absl::optional<unsigned long>, Envoy::Network::ListenerConfig&, std::__1::function<void (bool)>)::$_2, std::__1::allocator<Envoy::Server::WorkerImpl::addListener(absl::optional<unsigned long>, Envoy::Network::ListenerConfig&, std::__1::function<void (bool)>)::$_2>, void ()>::operator()()+46
        Envoy::Event::DispatcherImpl::runPostCallbacks()+317
        Envoy::Event::DispatcherImpl::run(Envoy::Event::Dispatcher::RunType)+44
        Envoy::Server::WorkerImpl::threadRoutine(Envoy::Server::GuardDog&, std::__1::function<void ()> const&)+621
        Envoy::Thread::ThreadImplPosix::ThreadImplPosix(std::__1::function<void ()>, absl::optional<Envoy::Thread::Options> const&)::{lambda(void*)#1}::__invoke(void*)+19
        start_thread+217


########## sys_enter_dup() ##########
comm:wrk:worker_0    : duping_fd=22, new_fd=34 
stack: 
        dup+11
        Envoy::Network::IoSocketHandleImpl::duplicate()+71
        Envoy::Network::ListenSocketImpl::duplicate()+54
        Envoy::Server::ListenSocketFactoryImpl::getListenSocket()+102
        Envoy::Server::ActiveTcpListener::ActiveTcpListener(Envoy::Network::TcpConnectionHandler&, Envoy::Network::ListenerConfig&)+60
        Envoy::Server::ConnectionHandlerImpl::addListener(absl::optional<unsigned long>, Envoy::Network::ListenerConfig&)+671
        std::__1::__function::__func<Envoy::Server::WorkerImpl::addListener(absl::optional<unsigned long>, Envoy::Network::ListenerConfig&, std::__1::function<void (bool)>)::$_2, std::__1::allocator<Envoy::Server::WorkerImpl::addListener(absl::optional<unsigned long>, Envoy::Network::ListenerConfig&, std::__1::function<void (bool)>)::$_2>, void ()>::operator()()+46
        Envoy::Event::DispatcherImpl::runPostCallbacks()+317
        Envoy::Event::DispatcherImpl::run(Envoy::Event::Dispatcher::RunType)+44
        Envoy::Server::WorkerImpl::threadRoutine(Envoy::Server::GuardDog&, std::__1::function<void ()> const&)+621
        Envoy::Thread::ThreadImplPosix::ThreadImplPosix(std::__1::function<void ()>, absl::optional<Envoy::Thread::Options> const&)::{lambda(void*)#1}::__invoke(void*)+19
        start_thread+217


########## listen() ##########
comm:wrk:worker_0    : listen() on an dupliated old_fd=22 
comm:wrk:worker_0    : listen() fd=34, ip:0.0.0.0         , port:15021 
stack: 
        listen+11
        Envoy::Network::IoSocketHandleImpl::listen(int)+69
        Envoy::Network::TcpListenerImpl::setupServerSocket(Envoy::Event::DispatcherImpl&, Envoy::Network::Socket&)+62
        Envoy::Network::TcpListenerImpl::TcpListenerImpl(Envoy::Event::DispatcherImpl&, Envoy::Random::RandomGenerator&, std::__1::shared_ptr<Envoy::Network::Socket>, Envoy::Network::TcpListenerCallbacks&, bool, unsigned int)+195
        Envoy::Event::DispatcherImpl::createListener(std::__1::shared_ptr<Envoy::Network::Socket>&&, Envoy::Network::TcpListenerCallbacks&, bool, unsigned int)+108
        Envoy::Server::ActiveTcpListener::ActiveTcpListener(Envoy::Network::TcpConnectionHandler&, Envoy::Network::ListenerConfig&)+116
        Envoy::Server::ConnectionHandlerImpl::addListener(absl::optional<unsigned long>, Envoy::Network::ListenerConfig&)+671
        std::__1::__function::__func<Envoy::Server::WorkerImpl::addListener(absl::optional<unsigned long>, Envoy::Network::ListenerConfig&, std::__1::function<void (bool)>)::$_2, std::__1::allocator<Envoy::Server::WorkerImpl::addListener(absl::optional<unsigned long>, Envoy::Network::ListenerConfig&, std::__1::function<void (bool)>)::$_2>, void ()>::operator()()+46
        Envoy::Event::DispatcherImpl::runPostCallbacks()+317
        Envoy::Event::DispatcherImpl::run(Envoy::Event::Dispatcher::RunType)+44
        Envoy::Server::WorkerImpl::threadRoutine(Envoy::Server::GuardDog&, std::__1::function<void ()> const&)+621
        Envoy::Thread::ThreadImplPosix::ThreadImplPosix(std::__1::function<void ()>, absl::optional<Envoy::Thread::Options> const&)::{lambda(void*)#1}::__invoke(void*)+19
        start_thread+217


########## sys_enter_dup() ##########
comm:wrk:worker_1    : duping_fd=21, new_fd=35 
stack: 
        dup+11
        Envoy::Network::IoSocketHandleImpl::duplicate()+71
        Envoy::Network::ListenSocketImpl::duplicate()+54
        Envoy::Server::ListenSocketFactoryImpl::getListenSocket()+102
        Envoy::Server::ActiveTcpListener::ActiveTcpListener(Envoy::Network::TcpConnectionHandler&, Envoy::Network::ListenerConfig&)+60
        Envoy::Server::ConnectionHandlerImpl::addListener(absl::optional<unsigned long>, Envoy::Network::ListenerConfig&)+671
        std::__1::__function::__func<Envoy::Server::WorkerImpl::addListener(absl::optional<unsigned long>, Envoy::Network::ListenerConfig&, std::__1::function<void (bool)>)::$_2, std::__1::allocator<Envoy::Server::WorkerImpl::addListener(absl::optional<unsigned long>, Envoy::Network::ListenerConfig&, std::__1::function<void (bool)>)::$_2>, void ()>::operator()()+46
        Envoy::Event::DispatcherImpl::runPostCallbacks()+317
        Envoy::Event::DispatcherImpl::run(Envoy::Event::Dispatcher::RunType)+44
        Envoy::Server::WorkerImpl::threadRoutine(Envoy::Server::GuardDog&, std::__1::function<void ()> const&)+621
        Envoy::Thread::ThreadImplPosix::ThreadImplPosix(std::__1::function<void ()>, absl::optional<Envoy::Thread::Options> const&)::{lambda(void*)#1}::__invoke(void*)+19
        start_thread+217


########## listen() ##########
comm:wrk:worker_1    : listen() on an dupliated old_fd=21 
comm:wrk:worker_1    : listen() fd=35, ip:0.0.0.0         , port:15090 
stack: 
        listen+11
        Envoy::Network::IoSocketHandleImpl::listen(int)+69
        Envoy::Network::TcpListenerImpl::setupServerSocket(Envoy::Event::DispatcherImpl&, Envoy::Network::Socket&)+62
        Envoy::Network::TcpListenerImpl::TcpListenerImpl(Envoy::Event::DispatcherImpl&, Envoy::Random::RandomGenerator&, std::__1::shared_ptr<Envoy::Network::Socket>, Envoy::Network::TcpListenerCallbacks&, bool, unsigned int)+195
        Envoy::Event::DispatcherImpl::createListener(std::__1::shared_ptr<Envoy::Network::Socket>&&, Envoy::Network::TcpListenerCallbacks&, bool, unsigned int)+108
        Envoy::Server::ActiveTcpListener::ActiveTcpListener(Envoy::Network::TcpConnectionHandler&, Envoy::Network::ListenerConfig&)+116
        Envoy::Server::ConnectionHandlerImpl::addListener(absl::optional<unsigned long>, Envoy::Network::ListenerConfig&)+671
        std::__1::__function::__func<Envoy::Server::WorkerImpl::addListener(absl::optional<unsigned long>, Envoy::Network::ListenerConfig&, std::__1::function<void (bool)>)::$_2, std::__1::allocator<Envoy::Server::WorkerImpl::addListener(absl::optional<unsigned long>, Envoy::Network::ListenerConfig&, std::__1::function<void (bool)>)::$_2>, void ()>::operator()()+46
        Envoy::Event::DispatcherImpl::runPostCallbacks()+317
        Envoy::Event::DispatcherImpl::run(Envoy::Event::Dispatcher::RunType)+44
        Envoy::Server::WorkerImpl::threadRoutine(Envoy::Server::GuardDog&, std::__1::function<void ()> const&)+621
        Envoy::Thread::ThreadImplPosix::ThreadImplPosix(std::__1::function<void ()>, absl::optional<Envoy::Thread::Options> const&)::{lambda(void*)#1}::__invoke(void*)+19
        start_thread+217


########## sys_enter_dup() ##########
comm:wrk:worker_1    : duping_fd=22, new_fd=36 
stack: 
        dup+11
        Envoy::Network::IoSocketHandleImpl::duplicate()+71
        Envoy::Network::ListenSocketImpl::duplicate()+54
        Envoy::Server::ListenSocketFactoryImpl::getListenSocket()+102
        Envoy::Server::ActiveTcpListener::ActiveTcpListener(Envoy::Network::TcpConnectionHandler&, Envoy::Network::ListenerConfig&)+60
        Envoy::Server::ConnectionHandlerImpl::addListener(absl::optional<unsigned long>, Envoy::Network::ListenerConfig&)+671
        std::__1::__function::__func<Envoy::Server::WorkerImpl::addListener(absl::optional<unsigned long>, Envoy::Network::ListenerConfig&, std::__1::function<void (bool)>)::$_2, std::__1::allocator<Envoy::Server::WorkerImpl::addListener(absl::optional<unsigned long>, Envoy::Network::ListenerConfig&, std::__1::function<void (bool)>)::$_2>, void ()>::operator()()+46
        Envoy::Event::DispatcherImpl::runPostCallbacks()+317
        Envoy::Event::DispatcherImpl::run(Envoy::Event::Dispatcher::RunType)+44
        Envoy::Server::WorkerImpl::threadRoutine(Envoy::Server::GuardDog&, std::__1::function<void ()> const&)+621
        Envoy::Thread::ThreadImplPosix::ThreadImplPosix(std::__1::function<void ()>, absl::optional<Envoy::Thread::Options> const&)::{lambda(void*)#1}::__invoke(void*)+19
        start_thread+217


########## listen() ##########
comm:wrk:worker_1    : listen() on an dupliated old_fd=22 
comm:wrk:worker_1    : listen() fd=36, ip:0.0.0.0         , port:15021 
stack: 
        listen+11
        Envoy::Network::IoSocketHandleImpl::listen(int)+69
        Envoy::Network::TcpListenerImpl::setupServerSocket(Envoy::Event::DispatcherImpl&, Envoy::Network::Socket&)+62
        Envoy::Network::TcpListenerImpl::TcpListenerImpl(Envoy::Event::DispatcherImpl&, Envoy::Random::RandomGenerator&, std::__1::shared_ptr<Envoy::Network::Socket>, Envoy::Network::TcpListenerCallbacks&, bool, unsigned int)+195
        Envoy::Event::DispatcherImpl::createListener(std::__1::shared_ptr<Envoy::Network::Socket>&&, Envoy::Network::TcpListenerCallbacks&, bool, unsigned int)+108
        Envoy::Server::ActiveTcpListener::ActiveTcpListener(Envoy::Network::TcpConnectionHandler&, Envoy::Network::ListenerConfig&)+116
        Envoy::Server::ConnectionHandlerImpl::addListener(absl::optional<unsigned long>, Envoy::Network::ListenerConfig&)+671
        std::__1::__function::__func<Envoy::Server::WorkerImpl::addListener(absl::optional<unsigned long>, Envoy::Network::ListenerConfig&, std::__1::function<void (bool)>)::$_2, std::__1::allocator<Envoy::Server::WorkerImpl::addListener(absl::optional<unsigned long>, Envoy::Network::ListenerConfig&, std::__1::function<void (bool)>)::$_2>, void ()>::operator()()+46
        Envoy::Event::DispatcherImpl::runPostCallbacks()+317
        Envoy::Event::DispatcherImpl::run(Envoy::Event::Dispatcher::RunType)+44
        Envoy::Server::WorkerImpl::threadRoutine(Envoy::Server::GuardDog&, std::__1::function<void ()> const&)+621
        Envoy::Thread::ThreadImplPosix::ThreadImplPosix(std::__1::function<void ()>, absl::optional<Envoy::Thread::Options> const&)::{lambda(void*)#1}::__invoke(void*)+19
        start_thread+217


########## sys_enter_dup() ##########
comm:wrk:worker_1    : duping_fd=31, new_fd=37 
stack: 
        dup+11
        Envoy::Network::IoSocketHandleImpl::duplicate()+71
        Envoy::Network::ListenSocketImpl::duplicate()+54
        Envoy::Server::ListenSocketFactoryImpl::getListenSocket()+102
        Envoy::Server::ActiveTcpListener::ActiveTcpListener(Envoy::Network::TcpConnectionHandler&, Envoy::Network::ListenerConfig&)+60
        Envoy::Server::ConnectionHandlerImpl::addListener(absl::optional<unsigned long>, Envoy::Network::ListenerConfig&)+671
        std::__1::__function::__func<Envoy::Server::WorkerImpl::addListener(absl::optional<unsigned long>, Envoy::Network::ListenerConfig&, std::__1::function<void (bool)>)::$_2, std::__1::allocator<Envoy::Server::WorkerImpl::addListener(absl::optional<unsigned long>, Envoy::Network::ListenerConfig&, std::__1::function<void (bool)>)::$_2>, void ()>::operator()()+46
        Envoy::Event::DispatcherImpl::runPostCallbacks()+317
        Envoy::Event::DispatcherImpl::run(Envoy::Event::Dispatcher::RunType)+44
        Envoy::Server::WorkerImpl::threadRoutine(Envoy::Server::GuardDog&, std::__1::function<void ()> const&)+621
        Envoy::Thread::ThreadImplPosix::ThreadImplPosix(std::__1::function<void ()>, absl::optional<Envoy::Thread::Options> const&)::{lambda(void*)#1}::__invoke(void*)+19
        start_thread+217


########## listen() ##########
comm:wrk:worker_1    : listen() on an dupliated old_fd=31 
comm:wrk:worker_1    : listen() fd=37, ip:0.0.0.0         , port:15001 
stack: 
        listen+11
        Envoy::Network::IoSocketHandleImpl::listen(int)+69
        Envoy::Network::TcpListenerImpl::setupServerSocket(Envoy::Event::DispatcherImpl&, Envoy::Network::Socket&)+62
        Envoy::Network::TcpListenerImpl::TcpListenerImpl(Envoy::Event::DispatcherImpl&, Envoy::Random::RandomGenerator&, std::__1::shared_ptr<Envoy::Network::Socket>, Envoy::Network::TcpListenerCallbacks&, bool, unsigned int)+195
        Envoy::Event::DispatcherImpl::createListener(std::__1::shared_ptr<Envoy::Network::Socket>&&, Envoy::Network::TcpListenerCallbacks&, bool, unsigned int)+108
        Envoy::Server::ActiveTcpListener::ActiveTcpListener(Envoy::Network::TcpConnectionHandler&, Envoy::Network::ListenerConfig&)+116
        Envoy::Server::ConnectionHandlerImpl::addListener(absl::optional<unsigned long>, Envoy::Network::ListenerConfig&)+671
        std::__1::__function::__func<Envoy::Server::WorkerImpl::addListener(absl::optional<unsigned long>, Envoy::Network::ListenerConfig&, std::__1::function<void (bool)>)::$_2, std::__1::allocator<Envoy::Server::WorkerImpl::addListener(absl::optional<unsigned long>, Envoy::Network::ListenerConfig&, std::__1::function<void (bool)>)::$_2>, void ()>::operator()()+46
        Envoy::Event::DispatcherImpl::runPostCallbacks()+317
        Envoy::Event::DispatcherImpl::run(Envoy::Event::Dispatcher::RunType)+44
        Envoy::Server::WorkerImpl::threadRoutine(Envoy::Server::GuardDog&, std::__1::function<void ()> const&)+621
        Envoy::Thread::ThreadImplPosix::ThreadImplPosix(std::__1::function<void ()>, absl::optional<Envoy::Thread::Options> const&)::{lambda(void*)#1}::__invoke(void*)+19
        start_thread+217


########## sys_enter_dup() ##########
comm:wrk:worker_0    : duping_fd=31, new_fd=38 
stack: 
        dup+11
        Envoy::Network::IoSocketHandleImpl::duplicate()+71
        Envoy::Network::ListenSocketImpl::duplicate()+54
        Envoy::Server::ListenSocketFactoryImpl::getListenSocket()+102
        Envoy::Server::ActiveTcpListener::ActiveTcpListener(Envoy::Network::TcpConnectionHandler&, Envoy::Network::ListenerConfig&)+60
        Envoy::Server::ConnectionHandlerImpl::addListener(absl::optional<unsigned long>, Envoy::Network::ListenerConfig&)+671
        std::__1::__function::__func<Envoy::Server::WorkerImpl::addListener(absl::optional<unsigned long>, Envoy::Network::ListenerConfig&, std::__1::function<void (bool)>)::$_2, std::__1::allocator<Envoy::Server::WorkerImpl::addListener(absl::optional<unsigned long>, Envoy::Network::ListenerConfig&, std::__1::function<void (bool)>)::$_2>, void ()>::operator()()+46
        Envoy::Event::DispatcherImpl::runPostCallbacks()+317
        Envoy::Event::DispatcherImpl::run(Envoy::Event::Dispatcher::RunType)+44
        Envoy::Server::WorkerImpl::threadRoutine(Envoy::Server::GuardDog&, std::__1::function<void ()> const&)+621
        Envoy::Thread::ThreadImplPosix::ThreadImplPosix(std::__1::function<void ()>, absl::optional<Envoy::Thread::Options> const&)::{lambda(void*)#1}::__invoke(void*)+19
        start_thread+217


########## listen() ##########
comm:wrk:worker_0    : listen() on an dupliated old_fd=31 
comm:wrk:worker_0    : listen() fd=38, ip:0.0.0.0         , port:15001 
stack: 
        listen+11
        Envoy::Network::IoSocketHandleImpl::listen(int)+69
        Envoy::Network::TcpListenerImpl::setupServerSocket(Envoy::Event::DispatcherImpl&, Envoy::Network::Socket&)+62
        Envoy::Network::TcpListenerImpl::TcpListenerImpl(Envoy::Event::DispatcherImpl&, Envoy::Random::RandomGenerator&, std::__1::shared_ptr<Envoy::Network::Socket>, Envoy::Network::TcpListenerCallbacks&, bool, unsigned int)+195
        Envoy::Event::DispatcherImpl::createListener(std::__1::shared_ptr<Envoy::Network::Socket>&&, Envoy::Network::TcpListenerCallbacks&, bool, unsigned int)+108
        Envoy::Server::ActiveTcpListener::ActiveTcpListener(Envoy::Network::TcpConnectionHandler&, Envoy::Network::ListenerConfig&)+116
        Envoy::Server::ConnectionHandlerImpl::addListener(absl::optional<unsigned long>, Envoy::Network::ListenerConfig&)+671
        std::__1::__function::__func<Envoy::Server::WorkerImpl::addListener(absl::optional<unsigned long>, Envoy::Network::ListenerConfig&, std::__1::function<void (bool)>)::$_2, std::__1::allocator<Envoy::Server::WorkerImpl::addListener(absl::optional<unsigned long>, Envoy::Network::ListenerConfig&, std::__1::function<void (bool)>)::$_2>, void ()>::operator()()+46
        Envoy::Event::DispatcherImpl::runPostCallbacks()+317
        Envoy::Event::DispatcherImpl::run(Envoy::Event::Dispatcher::RunType)+44
        Envoy::Server::WorkerImpl::threadRoutine(Envoy::Server::GuardDog&, std::__1::function<void ()> const&)+621
        Envoy::Thread::ThreadImplPosix::ThreadImplPosix(std::__1::function<void ()>, absl::optional<Envoy::Thread::Options> const&)::{lambda(void*)#1}::__invoke(void*)+19
        start_thread+217


########## sys_enter_dup() ##########
comm:wrk:worker_0    : duping_fd=32, new_fd=39 
stack: 
        dup+11
        Envoy::Network::IoSocketHandleImpl::duplicate()+71
        Envoy::Network::ListenSocketImpl::duplicate()+54
        Envoy::Server::ListenSocketFactoryImpl::getListenSocket()+102
        Envoy::Server::ActiveTcpListener::ActiveTcpListener(Envoy::Network::TcpConnectionHandler&, Envoy::Network::ListenerConfig&)+60
        Envoy::Server::ConnectionHandlerImpl::addListener(absl::optional<unsigned long>, Envoy::Network::ListenerConfig&)+671
        std::__1::__function::__func<Envoy::Server::WorkerImpl::addListener(absl::optional<unsigned long>, Envoy::Network::ListenerConfig&, std::__1::function<void (bool)>)::$_2, std::__1::allocator<Envoy::Server::WorkerImpl::addListener(absl::optional<unsigned long>, Envoy::Network::ListenerConfig&, std::__1::function<void (bool)>)::$_2>, void ()>::operator()()+46
        Envoy::Event::DispatcherImpl::runPostCallbacks()+317
        Envoy::Event::DispatcherImpl::run(Envoy::Event::Dispatcher::RunType)+44
        Envoy::Server::WorkerImpl::threadRoutine(Envoy::Server::GuardDog&, std::__1::function<void ()> const&)+621
        Envoy::Thread::ThreadImplPosix::ThreadImplPosix(std::__1::function<void ()>, absl::optional<Envoy::Thread::Options> const&)::{lambda(void*)#1}::__invoke(void*)+19
        start_thread+217


########## listen() ##########
comm:wrk:worker_0    : listen() on an dupliated old_fd=32 
comm:wrk:worker_0    : listen() fd=39, ip:0.0.0.0         , port:15006 
stack: 
        listen+11
        Envoy::Network::IoSocketHandleImpl::listen(int)+69
        Envoy::Network::TcpListenerImpl::setupServerSocket(Envoy::Event::DispatcherImpl&, Envoy::Network::Socket&)+62
        Envoy::Network::TcpListenerImpl::TcpListenerImpl(Envoy::Event::DispatcherImpl&, Envoy::Random::RandomGenerator&, std::__1::shared_ptr<Envoy::Network::Socket>, Envoy::Network::TcpListenerCallbacks&, bool, unsigned int)+195
        Envoy::Event::DispatcherImpl::createListener(std::__1::shared_ptr<Envoy::Network::Socket>&&, Envoy::Network::TcpListenerCallbacks&, bool, unsigned int)+108
        Envoy::Server::ActiveTcpListener::ActiveTcpListener(Envoy::Network::TcpConnectionHandler&, Envoy::Network::ListenerConfig&)+116
        Envoy::Server::ConnectionHandlerImpl::addListener(absl::optional<unsigned long>, Envoy::Network::ListenerConfig&)+671
        std::__1::__function::__func<Envoy::Server::WorkerImpl::addListener(absl::optional<unsigned long>, Envoy::Network::ListenerConfig&, std::__1::function<void (bool)>)::$_2, std::__1::allocator<Envoy::Server::WorkerImpl::addListener(absl::optional<unsigned long>, Envoy::Network::ListenerConfig&, std::__1::function<void (bool)>)::$_2>, void ()>::operator()()+46
        Envoy::Event::DispatcherImpl::runPostCallbacks()+317
        Envoy::Event::DispatcherImpl::run(Envoy::Event::Dispatcher::RunType)+44
        Envoy::Server::WorkerImpl::threadRoutine(Envoy::Server::GuardDog&, std::__1::function<void ()> const&)+621
        Envoy::Thread::ThreadImplPosix::ThreadImplPosix(std::__1::function<void ()>, absl::optional<Envoy::Thread::Options> const&)::{lambda(void*)#1}::__invoke(void*)+19
        start_thread+217


########## sys_enter_dup() ##########
comm:wrk:worker_1    : duping_fd=32, new_fd=40 
stack: 
        dup+11
        Envoy::Network::IoSocketHandleImpl::duplicate()+71
        Envoy::Network::ListenSocketImpl::duplicate()+54
        Envoy::Server::ListenSocketFactoryImpl::getListenSocket()+102
        Envoy::Server::ActiveTcpListener::ActiveTcpListener(Envoy::Network::TcpConnectionHandler&, Envoy::Network::ListenerConfig&)+60
        Envoy::Server::ConnectionHandlerImpl::addListener(absl::optional<unsigned long>, Envoy::Network::ListenerConfig&)+671
        std::__1::__function::__func<Envoy::Server::WorkerImpl::addListener(absl::optional<unsigned long>, Envoy::Network::ListenerConfig&, std::__1::function<void (bool)>)::$_2, std::__1::allocator<Envoy::Server::WorkerImpl::addListener(absl::optional<unsigned long>, Envoy::Network::ListenerConfig&, std::__1::function<void (bool)>)::$_2>, void ()>::operator()()+46
        Envoy::Event::DispatcherImpl::runPostCallbacks()+317
        Envoy::Event::DispatcherImpl::run(Envoy::Event::Dispatcher::RunType)+44
        Envoy::Server::WorkerImpl::threadRoutine(Envoy::Server::GuardDog&, std::__1::function<void ()> const&)+621
        Envoy::Thread::ThreadImplPosix::ThreadImplPosix(std::__1::function<void ()>, absl::optional<Envoy::Thread::Options> const&)::{lambda(void*)#1}::__invoke(void*)+19
        start_thread+217


########## listen() ##########
comm:wrk:worker_1    : listen() on an dupliated old_fd=32 
comm:wrk:worker_1    : listen() fd=40, ip:0.0.0.0         , port:15006 
stack: 
        listen+11
        Envoy::Network::IoSocketHandleImpl::listen(int)+69
        Envoy::Network::TcpListenerImpl::setupServerSocket(Envoy::Event::DispatcherImpl&, Envoy::Network::Socket&)+62
        Envoy::Network::TcpListenerImpl::TcpListenerImpl(Envoy::Event::DispatcherImpl&, Envoy::Random::RandomGenerator&, std::__1::shared_ptr<Envoy::Network::Socket>, Envoy::Network::TcpListenerCallbacks&, bool, unsigned int)+195
        Envoy::Event::DispatcherImpl::createListener(std::__1::shared_ptr<Envoy::Network::Socket>&&, Envoy::Network::TcpListenerCallbacks&, bool, unsigned int)+108
        Envoy::Server::ActiveTcpListener::ActiveTcpListener(Envoy::Network::TcpConnectionHandler&, Envoy::Network::ListenerConfig&)+116
        Envoy::Server::ConnectionHandlerImpl::addListener(absl::optional<unsigned long>, Envoy::Network::ListenerConfig&)+671
        std::__1::__function::__func<Envoy::Server::WorkerImpl::addListener(absl::optional<unsigned long>, Envoy::Network::ListenerConfig&, std::__1::function<void (bool)>)::$_2, std::__1::allocator<Envoy::Server::WorkerImpl::addListener(absl::optional<unsigned long>, Envoy::Network::ListenerConfig&, std::__1::function<void (bool)>)::$_2>, void ()>::operator()()+46
        Envoy::Event::DispatcherImpl::runPostCallbacks()+317
        Envoy::Event::DispatcherImpl::run(Envoy::Event::Dispatcher::RunType)+44
        Envoy::Server::WorkerImpl::threadRoutine(Envoy::Server::GuardDog&, std::__1::function<void ()> const&)+621
        Envoy::Thread::ThreadImplPosix::ThreadImplPosix(std::__1::function<void ()>, absl::optional<Envoy::Thread::Options> const&)::{lambda(void*)#1}::__invoke(void*)+19
        start_thread+217


########## setsockopt() ##########
comm:wrk:worker_0    : setsockopt: level=6, fd=41, optname=1, optval=1, optlen=4. 

########## setsockopt() ##########
comm:wrk:worker_0    : setsockopt: level=6, fd=42, optname=1, optval=1, optlen=4. 

########## setsockopt() ##########
comm:envoy           : setsockopt: level=6, fd=43, optname=1, optval=1, optlen=4. 

########## setsockopt() ##########
comm:wrk:worker_0    : setsockopt: level=6, fd=41, optname=1, optval=1, optlen=4. 

########## setsockopt() ##########
comm:wrk:worker_1    : setsockopt: level=6, fd=41, optname=1, optval=1, optlen=4. 

########## setsockopt() ##########
comm:wrk:worker_1    : setsockopt: level=6, fd=44, optname=1, optval=1, optlen=4. 

########## setsockopt() ##########
comm:wrk:worker_1    : setsockopt: level=6, fd=41, optname=1, optval=1, optlen=4. 

########## setsockopt() ##########
comm:wrk:worker_0    : setsockopt: level=6, fd=41, optname=1, optval=1, optlen=4. 

########## setsockopt() ##########
comm:wrk:worker_1    : setsockopt: level=6, fd=41, optname=1, optval=1, optlen=4. 

########## setsockopt() ##########
comm:wrk:worker_0    : setsockopt: level=6, fd=41, optname=1, optval=1, optlen=4. 

########## setsockopt() ##########
comm:wrk:worker_1    : setsockopt: level=6, fd=41, optname=1, optval=1, optlen=4. 

########## setsockopt() ##########
comm:wrk:worker_1    : setsockopt: level=6, fd=41, optname=1, optval=1, optlen=4. 

########## setsockopt() ##########
comm:wrk:worker_0    : setsockopt: level=6, fd=41, optname=1, optval=1, optlen=4. 

########## setsockopt() ##########
comm:wrk:worker_1    : setsockopt: level=6, fd=45, optname=1, optval=1, optlen=4. 

########## setsockopt() ##########
comm:wrk:worker_1    : setsockopt: level=6, fd=41, optname=1, optval=1, optlen=4. 

########## setsockopt() ##########
comm:wrk:worker_0    : setsockopt: level=6, fd=41, optname=1, optval=1, optlen=4. 

########## setsockopt() ##########
comm:wrk:worker_0    : setsockopt: level=6, fd=41, optname=1, optval=1, optlen=4. 

########## setsockopt() ##########
comm:wrk:worker_0    : setsockopt: level=6, fd=41, optname=1, optval=1, optlen=4. 

########## setsockopt() ##########
comm:wrk:worker_0    : setsockopt: level=6, fd=41, optname=1, optval=1, optlen=4. 

########## setsockopt() ##########
comm:wrk:worker_1    : setsockopt: level=6, fd=41, optname=1, optval=1, optlen=4. 

########## setsockopt() ##########
comm:wrk:worker_1    : setsockopt: level=6, fd=41, optname=1, optval=1, optlen=4. 

########## setsockopt() ##########
comm:wrk:worker_0    : setsockopt: level=6, fd=41, optname=1, optval=1, optlen=4. 

########## setsockopt() ##########
comm:wrk:worker_0    : setsockopt: level=6, fd=41, optname=1, optval=1, optlen=4. 

########## setsockopt() ##########
comm:wrk:worker_0    : setsockopt: level=6, fd=41, optname=1, optval=1, optlen=4. 

########## setsockopt() ##########
comm:wrk:worker_0    : setsockopt: level=6, fd=41, optname=1, optval=1, optlen=4. 

########## setsockopt() ##########
comm:wrk:worker_0    : setsockopt: level=6, fd=41, optname=1, optval=1, optlen=4. 

########## setsockopt() ##########
comm:wrk:worker_1    : setsockopt: level=6, fd=41, optname=1, optval=1, optlen=4. 

########## setsockopt() ##########
comm:wrk:worker_1    : setsockopt: level=6, fd=41, optname=1, optval=1, optlen=4. 

########## setsockopt() ##########
comm:wrk:worker_0    : setsockopt: level=6, fd=41, optname=1, optval=1, optlen=4. 

########## setsockopt() ##########
comm:wrk:worker_1    : setsockopt: level=6, fd=41, optname=1, optval=1, optlen=4. 

########## setsockopt() ##########
comm:wrk:worker_1    : setsockopt: level=6, fd=41, optname=1, optval=1, optlen=4. 

########## setsockopt() ##########
comm:wrk:worker_1    : setsockopt: level=6, fd=41, optname=1, optval=1, optlen=4. 

########## setsockopt() ##########
comm:wrk:worker_1    : setsockopt: level=6, fd=41, optname=1, optval=1, optlen=4. 

########## setsockopt() ##########
comm:wrk:worker_1    : setsockopt: level=6, fd=41, optname=1, optval=1, optlen=4. 

########## setsockopt() ##########
comm:wrk:worker_1    : setsockopt: level=6, fd=41, optname=1, optval=1, optlen=4. 

########## setsockopt() ##########
comm:wrk:worker_0    : setsockopt: level=6, fd=41, optname=1, optval=1, optlen=4. 

########## setsockopt() ##########
comm:wrk:worker_0    : setsockopt: level=6, fd=41, optname=1, optval=1, optlen=4. 

########## setsockopt() ##########
comm:wrk:worker_0    : setsockopt: level=6, fd=41, optname=1, optval=1, optlen=4. 

########## setsockopt() ##########
comm:wrk:worker_1    : setsockopt: level=6, fd=41, optname=1, optval=1, optlen=4. 

########## setsockopt() ##########
comm:wrk:worker_1    : setsockopt: level=6, fd=41, optname=1, optval=1, optlen=4. 

########## setsockopt() ##########
comm:wrk:worker_0    : setsockopt: level=6, fd=41, optname=1, optval=1, optlen=4. 

########## setsockopt() ##########
comm:wrk:worker_0    : setsockopt: level=6, fd=41, optname=1, optval=1, optlen=4. 

########## setsockopt() ##########
comm:wrk:worker_0    : setsockopt: level=6, fd=41, optname=1, optval=1, optlen=4. 

########## setsockopt() ##########
comm:wrk:worker_1    : setsockopt: level=6, fd=41, optname=1, optval=1, optlen=4. 

########## setsockopt() ##########
comm:wrk:worker_0    : setsockopt: level=6, fd=41, optname=1, optval=1, optlen=4. 

########## setsockopt() ##########
comm:wrk:worker_0    : setsockopt: level=6, fd=41, optname=1, optval=1, optlen=4. 

########## setsockopt() ##########
comm:wrk:worker_1    : setsockopt: level=6, fd=41, optname=1, optval=1, optlen=4. 

########## setsockopt() ##########
comm:wrk:worker_1    : setsockopt: level=6, fd=41, optname=1, optval=1, optlen=4. 

########## setsockopt() ##########
comm:wrk:worker_1    : setsockopt: level=6, fd=41, optname=1, optval=1, optlen=4. 

########## setsockopt() ##########
comm:wrk:worker_0    : setsockopt: level=6, fd=41, optname=1, optval=1, optlen=4. 

########## setsockopt() ##########
comm:wrk:worker_1    : setsockopt: level=6, fd=41, optname=1, optval=1, optlen=4. 

########## setsockopt() ##########
comm:wrk:worker_0    : setsockopt: level=6, fd=41, optname=1, optval=1, optlen=4. 

########## setsockopt() ##########
comm:wrk:worker_1    : setsockopt: level=6, fd=41, optname=1, optval=1, optlen=4. 

########## setsockopt() ##########
comm:wrk:worker_1    : setsockopt: level=6, fd=41, optname=1, optval=1, optlen=4. 

########## setsockopt() ##########
comm:wrk:worker_0    : setsockopt: level=6, fd=41, optname=1, optval=1, optlen=4. 

########## setsockopt() ##########
comm:wrk:worker_1    : setsockopt: level=6, fd=41, optname=1, optval=1, optlen=4. 

########## setsockopt() ##########
comm:wrk:worker_0    : setsockopt: level=6, fd=41, optname=1, optval=1, optlen=4. 

########## setsockopt() ##########
comm:wrk:worker_1    : setsockopt: level=6, fd=41, optname=1, optval=1, optlen=4. 

########## setsockopt() ##########
comm:wrk:worker_1    : setsockopt: level=6, fd=41, optname=1, optval=1, optlen=4. 

########## setsockopt() ##########
comm:wrk:worker_1    : setsockopt: level=6, fd=41, optname=1, optval=1, optlen=4. 

########## setsockopt() ##########
comm:wrk:worker_0    : setsockopt: level=6, fd=41, optname=1, optval=1, optlen=4. 

########## setsockopt() ##########
comm:wrk:worker_1    : setsockopt: level=6, fd=41, optname=1, optval=1, optlen=4. 

########## setsockopt() ##########
comm:wrk:worker_1    : setsockopt: level=6, fd=41, optname=1, optval=1, optlen=4. 

########## setsockopt() ##########
comm:wrk:worker_1    : setsockopt: level=6, fd=41, optname=1, optval=1, optlen=4. 

########## setsockopt() ##########
comm:wrk:worker_1    : setsockopt: level=6, fd=41, optname=1, optval=1, optlen=4. 

########## setsockopt() ##########
comm:wrk:worker_1    : setsockopt: level=6, fd=41, optname=1, optval=1, optlen=4. 

########## setsockopt() ##########
comm:wrk:worker_0    : setsockopt: level=6, fd=41, optname=1, optval=1, optlen=4. 

########## setsockopt() ##########
comm:wrk:worker_0    : setsockopt: level=6, fd=41, optname=1, optval=1, optlen=4. 

########## setsockopt() ##########
comm:wrk:worker_0    : setsockopt: level=6, fd=41, optname=1, optval=1, optlen=4. 

########## setsockopt() ##########
comm:wrk:worker_1    : setsockopt: level=6, fd=41, optname=1, optval=1, optlen=4. 

########## setsockopt() ##########
comm:wrk:worker_1    : setsockopt: level=6, fd=41, optname=1, optval=1, optlen=4. 

########## setsockopt() ##########
comm:wrk:worker_1    : setsockopt: level=6, fd=41, optname=1, optval=1, optlen=4. 

########## setsockopt() ##########
comm:wrk:worker_0    : setsockopt: level=6, fd=41, optname=1, optval=1, optlen=4. 

########## setsockopt() ##########
comm:wrk:worker_1    : setsockopt: level=6, fd=41, optname=1, optval=1, optlen=4. 
^C

@dup_fd_new2old[33]: 21
@dup_fd_new2old[35]: 21
@dup_fd_new2old[36]: 22
@dup_fd_new2old[34]: 22
@dup_fd_new2old[38]: 31
@dup_fd_new2old[37]: 31
@dup_fd_new2old[40]: 32
@dup_fd_new2old[39]: 32



@fd2bind[18]: (127.0.0.1, 15000)
@fd2bind[21]: (0.0.0.0, 15090)
@fd2bind[22]: (0.0.0.0, 15021)
@fd2bind[31]: (0.0.0.0, 15001)
@fd2bind[32]: (0.0.0.0, 15006)
@fd2listen[35]: 1
@fd2listen[39]: 1
@fd2listen[37]: 1
@fd2listen[18]: 1
@fd2listen[38]: 1
@fd2listen[34]: 1
@fd2listen[36]: 1
@fd2listen[40]: 1
@fd2listen[33]: 1
@fd2sockopt[18]: (1, 2, 1)
@fd2sockopt[21]: (1, 2, 1)
@fd2sockopt[22]: (1, 2, 1)
@fd2sockopt[31]: (1, 2, 1)
@fd2sockopt[32]: (1, 2, 1)
@fd2sockopt[41]: (6, 1, 1)
@fd2sockopt[42]: (6, 1, 1)
@fd2sockopt[43]: (6, 1, 1)
@fd2sockopt[44]: (6, 1, 1)
@fd2sockopt[45]: (6, 1, 1)

➜  bpftrace git:(main) ✗ 